                              ?column?                              
--------------------------------------------------------------------
 CREATE fk_advanced_shipping_notice_advanced_shipping_notice_status
(1 row)

ALTER TABLE
          ?column?          
----------------------------
 CREATE fk_facility_country
(1 row)

ALTER TABLE
             ?column?             
----------------------------------
 CREATE fk_facility_facility_type
(1 row)

ALTER TABLE
          ?column?           
-----------------------------
 CREATE fk_facility_language
(1 row)

ALTER TABLE
                 ?column?                 
------------------------------------------
 CREATE fk_facility_measuring_unit_system
(1 row)

ALTER TABLE
             ?column?             
----------------------------------
 CREATE fk_user_facility_facility
(1 row)

ALTER TABLE
        ?column?         
-------------------------
 CREATE fk_user_facility
(1 row)

ALTER TABLE
        ?column?         
-------------------------
 CREATE fk_user_language
(1 row)

ALTER TABLE
           ?column?            
-------------------------------
 CREATE fk_stock_owner_country
(1 row)

ALTER TABLE
                ?column?                
----------------------------------------
 CREATE fk_user_stock_owner_stock_owner
(1 row)

ALTER TABLE
            ?column?             
---------------------------------
 CREATE fk_user_stock_owner_user
(1 row)

ALTER TABLE
          ?column?          
----------------------------
 CREATE fk_user_stock_owner
(1 row)

ALTER TABLE
        ?column?         
-------------------------
 CREATE fk_user_timezone
(1 row)

ALTER TABLE
           ?column?           
------------------------------
 CREATE fk_user_facility_user
(1 row)

ALTER TABLE
                  ?column?                   
---------------------------------------------
 CREATE fk_advanced_shipping_notice_facility
(1 row)

ALTER TABLE
                  ?column?                  
--------------------------------------------
 CREATE fk_inbound_load_inbound_load_status
(1 row)

ALTER TABLE
         ?column?          
---------------------------
 CREATE fk_partner_country
(1 row)

ALTER TABLE
           ?column?            
-------------------------------
 CREATE fk_partner_stock_owner
(1 row)

ALTER TABLE
          ?column?          
----------------------------
 CREATE fk_partner_timezone
(1 row)

ALTER TABLE
            ?column?            
--------------------------------
 CREATE fk_inbound_load_partner
(1 row)

ALTER TABLE
                    ?column?                     
-------------------------------------------------
 CREATE fk_advanced_shipping_notice_inbound_load
(1 row)

ALTER TABLE
            ?column?             
---------------------------------
 CREATE fk_aisle_aisle_direction
(1 row)

ALTER TABLE
           ?column?           
------------------------------
 CREATE fk_aisle_aisle_status
(1 row)

ALTER TABLE
         ?column?         
--------------------------
 CREATE fk_aisle_facility
(1 row)

ALTER TABLE
             ?column?             
----------------------------------
 CREATE fk_location_rule_facility
(1 row)

ALTER TABLE
           ?column?            
-------------------------------
 CREATE fk_aisle_location_rule
(1 row)

ALTER TABLE
        ?column?         
-------------------------
 CREATE fk_zone_facility
(1 row)

ALTER TABLE
           ?column?           
------------------------------
 CREATE fk_zone_location_rule
(1 row)

ALTER TABLE
          ?column?          
----------------------------
 CREATE fk_zone_zone_status
(1 row)

ALTER TABLE
       ?column?       
----------------------
 CREATE fk_aisle_zone
(1 row)

ALTER TABLE
         ?column?         
--------------------------
 CREATE fk_location_aisle
(1 row)

ALTER TABLE
          ?column?           
-----------------------------
 CREATE fk_location_facility
(1 row)

ALTER TABLE
           ?column?           
------------------------------
 CREATE fk_level_level_status
(1 row)

ALTER TABLE
           ?column?            
-------------------------------
 CREATE fk_level_location_rule
(1 row)

ALTER TABLE
                 ?column?                  
-------------------------------------------
 CREATE fk_location_weight_volume_facility
(1 row)

ALTER TABLE
                    ?column?                    
------------------------------------------------
 CREATE fk_measuring_unit_measuring_unit_system
(1 row)

ALTER TABLE
                   ?column?                   
----------------------------------------------
 CREATE fk_measuring_unit_measuring_unit_type
(1 row)

ALTER TABLE
                    ?column?                     
-------------------------------------------------
 CREATE fk_location_weight_volume_measuring_unit
(1 row)

ALTER TABLE
                     ?column?                      
---------------------------------------------------
 CREATE fk_location_weight_volume_measuring_unit_2
(1 row)

ALTER TABLE
                     ?column?                      
---------------------------------------------------
 CREATE fk_location_weight_volume_measuring_unit_3
(1 row)

ALTER TABLE
                ?column?                
----------------------------------------
 CREATE fk_level_location_weight_volume
(1 row)

ALTER TABLE
       ?column?       
----------------------
 CREATE fk_rack_aisle
(1 row)

ALTER TABLE
           ?column?           
------------------------------
 CREATE fk_rack_location_rule
(1 row)

ALTER TABLE
               ?column?                
---------------------------------------
 CREATE fk_rack_location_weight_volume
(1 row)

ALTER TABLE
          ?column?          
----------------------------
 CREATE fk_rack_rack_status
(1 row)

ALTER TABLE
       ?column?       
----------------------
 CREATE fk_level_rack
(1 row)

ALTER TABLE
         ?column?         
--------------------------
 CREATE fk_location_level
(1 row)

ALTER TABLE
             ?column?             
----------------------------------
 CREATE fk_location_location_rule
(1 row)

ALTER TABLE
              ?column?              
------------------------------------
 CREATE fk_location_location_status
(1 row)

ALTER TABLE
                ?column?                
----------------------------------------
 CREATE fk_location_type_location_class
(1 row)

ALTER TABLE
                     ?column?                     
--------------------------------------------------
 CREATE fk_location_type_location_hierarchy_level
(1 row)

ALTER TABLE
                    ?column?                    
------------------------------------------------
 CREATE fk_location_type_location_weight_volume
(1 row)

ALTER TABLE
             ?column?             
----------------------------------
 CREATE fk_location_location_type
(1 row)

ALTER TABLE
                 ?column?                  
-------------------------------------------
 CREATE fk_location_location_weight_volume
(1 row)

ALTER TABLE
             ?column?              
-----------------------------------
 CREATE fk_location_measuring_unit
(1 row)

ALTER TABLE
              ?column?               
-------------------------------------
 CREATE fk_location_measuring_unit_2
(1 row)

ALTER TABLE
              ?column?               
-------------------------------------
 CREATE fk_location_measuring_unit_3
(1 row)

ALTER TABLE
        ?column?         
-------------------------
 CREATE fk_location_rack
(1 row)

ALTER TABLE
        ?column?         
-------------------------
 CREATE fk_location_zone
(1 row)

ALTER TABLE
                  ?column?                   
---------------------------------------------
 CREATE fk_advanced_shipping_notice_location
(1 row)

ALTER TABLE
                  ?column?                  
--------------------------------------------
 CREATE fk_advanced_shipping_notice_partner
(1 row)

ALTER TABLE
                              ?column?                              
--------------------------------------------------------------------
 CREATE fk_advanced_shipping_notice_detail_advanced_shipping_notice
(1 row)

ALTER TABLE
                    ?column?                     
-------------------------------------------------
 CREATE fk_advanced_shipping_notice_detail_asnds
(1 row)

ALTER TABLE
                 ?column?                 
------------------------------------------
 CREATE fk_item_master_inventory_priority
(1 row)

ALTER TABLE
                 ?column?                 
------------------------------------------
 CREATE fk_item_master_item_master_status
(1 row)

ALTER TABLE
               ?column?               
--------------------------------------
 CREATE fk_item_master_measuring_unit
(1 row)

ALTER TABLE
              ?column?               
-------------------------------------
 CREATE fk_item_master_product_class
(1 row)

ALTER TABLE
             ?column?              
-----------------------------------
 CREATE fk_item_master_stock_owner
(1 row)

ALTER TABLE
                       ?column?                        
-------------------------------------------------------
 CREATE fk_advanced_shipping_notice_detail_item_master
(1 row)

ALTER TABLE
                 ?column?                 
------------------------------------------
 CREATE fk_item_sku_attribute_item_master
(1 row)

ALTER TABLE
                           ?column?                           
--------------------------------------------------------------
 CREATE fk_advanced_shipping_notice_detail_item_sku_attribute
(1 row)

ALTER TABLE
                  ?column?                  
--------------------------------------------
 CREATE fk_item_stock_attribute_item_master
(1 row)

ALTER TABLE
                            ?column?                            
----------------------------------------------------------------
 CREATE fk_advanced_shipping_notice_detail_item_stock_attribute
(1 row)

ALTER TABLE
                      ?column?                      
----------------------------------------------------
 CREATE fk_advanced_shipping_notice_detail_location
(1 row)

ALTER TABLE
                     ?column?                      
---------------------------------------------------
 CREATE fk_advanced_shipping_notice_detail_partner
(1 row)

ALTER TABLE
                 ?column?                 
------------------------------------------
 CREATE fk_purchase_order_detail_facility
(1 row)

ALTER TABLE
                  ?column?                   
---------------------------------------------
 CREATE fk_purchase_order_detail_item_master
(1 row)

ALTER TABLE
                      ?column?                      
----------------------------------------------------
 CREATE fk_purchase_order_detail_item_sku_attribute
(1 row)

ALTER TABLE
                       ?column?                       
------------------------------------------------------
 CREATE fk_purchase_order_detail_item_stock_attribute
(1 row)

ALTER TABLE
             ?column?             
----------------------------------
 CREATE fk_purchase_order_partner
(1 row)

ALTER TABLE
                    ?column?                    
------------------------------------------------
 CREATE fk_purchase_order_purchase_order_status
(1 row)

ALTER TABLE
                   ?column?                   
----------------------------------------------
 CREATE fk_purchase_order_purchase_order_type
(1 row)

ALTER TABLE
               ?column?               
--------------------------------------
 CREATE fk_purchase_order_stock_owner
(1 row)

ALTER TABLE
                    ?column?                    
------------------------------------------------
 CREATE fk_purchase_order_detail_purchase_order
(1 row)

ALTER TABLE
                           ?column?                           
--------------------------------------------------------------
 CREATE fk_purchase_order_detail_purchase_order_detail_status
(1 row)

ALTER TABLE
                            ?column?                             
-----------------------------------------------------------------
 CREATE fk_advanced_shipping_notice_detail_purchase_order_detail
(1 row)

ALTER TABLE
                       ?column?                        
-------------------------------------------------------
 CREATE fk_advanced_shipping_notice_detail_stock_owner
(1 row)

ALTER TABLE
                    ?column?                     
-------------------------------------------------
 CREATE fk_application_translation_name_language
(1 row)

ALTER TABLE
                            ?column?                            
----------------------------------------------------------------
 CREATE fk_application_translation_application_translation_name
(1 row)

ALTER TABLE
                      ?column?                       
-----------------------------------------------------
 CREATE fk_attribute_data_option_attribute_data_type
(1 row)

ALTER TABLE
            ?column?            
--------------------------------
 CREATE fk_carrier_carrier_type
(1 row)

ALTER TABLE
         ?column?          
---------------------------
 CREATE fk_carrier_country
(1 row)

ALTER TABLE
           ?column?            
-------------------------------
 CREATE fk_carrier_stock_owner
(1 row)

ALTER TABLE
           ?column?            
-------------------------------
 CREATE fk_container_container
(1 row)

ALTER TABLE
              ?column?               
-------------------------------------
 CREATE fk_container_container_state
(1 row)

ALTER TABLE
           ?column?           
------------------------------
 CREATE fk_container_location
(1 row)

ALTER TABLE
            ?column?             
---------------------------------
 CREATE fk_container_stock_owner
(1 row)

ALTER TABLE
                ?column?                
----------------------------------------
 CREATE fk_container_document_container
(1 row)

ALTER TABLE
                  ?column?                  
--------------------------------------------
 CREATE fk_container_document_document_type
(1 row)

ALTER TABLE
              ?column?              
------------------------------------
 CREATE fk_container_file_container
(1 row)

ALTER TABLE
                     ?column?                     
--------------------------------------------------
 CREATE fk_data_translation_data_translation_name
(1 row)

ALTER TABLE
              ?column?               
-------------------------------------
 CREATE fk_data_translation_language
(1 row)

ALTER TABLE
                     ?column?                     
--------------------------------------------------
 CREATE fk_document_attribute_attribute_data_type
(1 row)

ALTER TABLE
                  ?column?                  
--------------------------------------------
 CREATE fk_document_attribute_document_type
(1 row)

ALTER TABLE
                       ?column?                        
-------------------------------------------------------
 CREATE fk_document_attribute_value_document_attribute
(1 row)

ALTER TABLE
                     ?column?                     
--------------------------------------------------
 CREATE fk_document_attribute_value_document_type
(1 row)

ALTER TABLE
                ?column?                 
-----------------------------------------
 CREATE fk_facility_stock_owner_facility
(1 row)

ALTER TABLE
                  ?column?                  
--------------------------------------------
 CREATE fk_facility_stock_owner_stock_owner
(1 row)

ALTER TABLE
                ?column?                
----------------------------------------
 CREATE fk_inbound_load_detail_facility
(1 row)

ALTER TABLE
                  ?column?                  
--------------------------------------------
 CREATE fk_inbound_load_detail_inbound_load
(1 row)

ALTER TABLE
                         ?column?                         
----------------------------------------------------------
 CREATE fk_inbound_load_detail_inbound_load_detail_status
(1 row)

ALTER TABLE
                  ?column?                   
---------------------------------------------
 CREATE fk_item_master_footprint_item_master
(1 row)

ALTER TABLE
                           ?column?                           
--------------------------------------------------------------
 CREATE fk_item_master_footprint_detail_item_master_footprint
(1 row)

ALTER TABLE
                       ?column?                        
-------------------------------------------------------
 CREATE fk_item_master_footprint_detail_measuring_unit
(1 row)

ALTER TABLE
                        ?column?                         
---------------------------------------------------------
 CREATE fk_item_master_footprint_detail_measuring_unit_2
(1 row)

ALTER TABLE
                        ?column?                         
---------------------------------------------------------
 CREATE fk_item_master_footprint_detail_measuring_unit_3
(1 row)

ALTER TABLE
                        ?column?                         
---------------------------------------------------------
 CREATE fk_item_master_footprint_detail_measuring_unit_4
(1 row)

ALTER TABLE
                        ?column?                         
---------------------------------------------------------
 CREATE fk_item_master_footprint_detail_measuring_unit_5
(1 row)

ALTER TABLE
                          ?column?                          
------------------------------------------------------------
 CREATE fk_item_master_barcode_item_master_footprint_detail
(1 row)

ALTER TABLE
                ?column?                 
-----------------------------------------
 CREATE fk_item_master_facility_facility
(1 row)

ALTER TABLE
                  ?column?                  
--------------------------------------------
 CREATE fk_item_master_facility_item_master
(1 row)

ALTER TABLE
                ?column?                
----------------------------------------
 CREATE fk_item_master_file_item_master
(1 row)

ALTER TABLE
                             ?column?                              
-------------------------------------------------------------------
 CREATE fk_item_master_footprint_file_item_master_footprint_detail
(1 row)

ALTER TABLE
                                ?column?                                
------------------------------------------------------------------------
 CREATE fk_item_master_footprint_packaging_item_master_footprint_detail
(1 row)

ALTER TABLE
                ?column?                 
-----------------------------------------
 CREATE fk_packaging_type_measuring_unit
(1 row)

ALTER TABLE
                 ?column?                  
-------------------------------------------
 CREATE fk_packaging_type_measuring_unit_2
(1 row)

ALTER TABLE
                 ?column?                  
-------------------------------------------
 CREATE fk_packaging_type_measuring_unit_3
(1 row)

ALTER TABLE
                         ?column?                         
----------------------------------------------------------
 CREATE fk_item_master_footprint_packaging_packaging_type
(1 row)

ALTER TABLE
                    ?column?                    
------------------------------------------------
 CREATE fk_item_master_putaway_type_item_master
(1 row)

ALTER TABLE
                    ?column?                     
-------------------------------------------------
 CREATE fk_item_master_putaway_type_putaway_type
(1 row)

ALTER TABLE
                    ?column?                     
-------------------------------------------------
 CREATE fk_item_master_sku_attribute_item_master
(1 row)

ALTER TABLE
                  ?column?                   
---------------------------------------------
 CREATE fk_sku_attribute_attribute_data_type
(1 row)

ALTER TABLE
               ?column?                
---------------------------------------
 CREATE fk_sku_attribute_sku_attribute
(1 row)

ALTER TABLE
                     ?column?                      
---------------------------------------------------
 CREATE fk_item_master_sku_attribute_sku_attribute
(1 row)

ALTER TABLE
                     ?column?                      
---------------------------------------------------
 CREATE fk_item_master_stock_attribute_item_master
(1 row)

ALTER TABLE
                   ?column?                    
-----------------------------------------------
 CREATE fk_stock_attribute_attribute_data_type
(1 row)

ALTER TABLE
                       ?column?                        
-------------------------------------------------------
 CREATE fk_item_master_stock_attribute_stock_attribute
(1 row)

ALTER TABLE
                       ?column?                        
-------------------------------------------------------
 CREATE fk_item_sku_attribute_value_item_sku_attribute
(1 row)

ALTER TABLE
                     ?column?                     
--------------------------------------------------
 CREATE fk_item_sku_attribute_value_sku_attribute
(1 row)

ALTER TABLE
                         ?column?                          
-----------------------------------------------------------
 CREATE fk_item_stock_attribute_value_item_stock_attribute
(1 row)

ALTER TABLE
                       ?column?                       
------------------------------------------------------
 CREATE fk_item_stock_attribute_value_stock_attribute
(1 row)

ALTER TABLE
                    ?column?                     
-------------------------------------------------
 CREATE fk_location_rule_item_master_item_master
(1 row)

ALTER TABLE
                     ?column?                      
---------------------------------------------------
 CREATE fk_location_rule_item_master_location_rule
(1 row)

ALTER TABLE
                      ?column?                       
-----------------------------------------------------
 CREATE fk_location_rule_product_class_location_rule
(1 row)

ALTER TABLE
                      ?column?                       
-----------------------------------------------------
 CREATE fk_location_rule_product_class_product_class
(1 row)

ALTER TABLE
                      ?column?                      
----------------------------------------------------
 CREATE fk_location_rule_putaway_type_location_rule
(1 row)

ALTER TABLE
                     ?column?                      
---------------------------------------------------
 CREATE fk_location_rule_putaway_type_putaway_type
(1 row)

ALTER TABLE
                          ?column?                          
------------------------------------------------------------
 CREATE fk_location_rule_stock_operation_type_location_rule
(1 row)

ALTER TABLE
                             ?column?                              
-------------------------------------------------------------------
 CREATE fk_location_rule_stock_operation_type_stock_operation_type
(1 row)

ALTER TABLE
                     ?column?                      
---------------------------------------------------
 CREATE fk_location_rule_stock_owner_location_rule
(1 row)

ALTER TABLE
                    ?column?                     
-------------------------------------------------
 CREATE fk_location_rule_stock_owner_stock_owner
(1 row)

ALTER TABLE
                      ?column?                      
----------------------------------------------------
 CREATE fk_measuring_unit_conversion_measuring_unit
(1 row)

ALTER TABLE
                       ?column?                       
------------------------------------------------------
 CREATE fk_measuring_unit_conversion_measuring_unit_2
(1 row)

ALTER TABLE
            ?column?             
---------------------------------
 CREATE fk_permission_permission
(1 row)

ALTER TABLE
               ?column?               
--------------------------------------
 CREATE fk_role_permission_permission
(1 row)

ALTER TABLE
            ?column?            
--------------------------------
 CREATE fk_role_permission_role
(1 row)

ALTER TABLE
              ?column?              
------------------------------------
 CREATE fk_security_group_role_role
(1 row)

ALTER TABLE
                   ?column?                   
----------------------------------------------
 CREATE fk_security_group_role_security_group
(1 row)

ALTER TABLE
         ?column?          
---------------------------
 CREATE fk_stock_container
(1 row)

ALTER TABLE
          ?column?           
-----------------------------
 CREATE fk_stock_item_master
(1 row)

ALTER TABLE
                   ?column?                   
----------------------------------------------
 CREATE fk_stock_item_master_footprint_detail
(1 row)

ALTER TABLE
              ?column?              
------------------------------------
 CREATE fk_stock_item_sku_attribute
(1 row)

ALTER TABLE
               ?column?               
--------------------------------------
 CREATE fk_stock_item_stock_attribute
(1 row)

ALTER TABLE
         ?column?         
--------------------------
 CREATE fk_stock_location
(1 row)

ALTER TABLE
          ?column?           
-----------------------------
 CREATE fk_stock_stock_state
(1 row)

ALTER TABLE
              ?column?               
-------------------------------------
 CREATE fk_stock_condition_condition
(1 row)

ALTER TABLE
            ?column?             
---------------------------------
 CREATE fk_stock_condition_stock
(1 row)

ALTER TABLE
            ?column?             
---------------------------------
 CREATE fk_stock_operation_stock
(1 row)

ALTER TABLE
                    ?column?                    
------------------------------------------------
 CREATE fk_stock_operation_stock_operation_type
(1 row)

ALTER TABLE
               ?column?                
---------------------------------------
 CREATE fk_stock_operation_stock_state
(1 row)

ALTER TABLE
                ?column?                 
-----------------------------------------
 CREATE fk_stock_operation_stock_state_2
(1 row)

ALTER TABLE
         ?column?          
---------------------------
 CREATE fk_tenant_language
(1 row)

ALTER TABLE
             ?column?              
-----------------------------------
 CREATE fk_unloading_document_type
(1 row)

ALTER TABLE
                 ?column?                  
-------------------------------------------
 CREATE fk_unloading_detail_measuring_unit
(1 row)

ALTER TABLE
               ?column?               
--------------------------------------
 CREATE fk_unloading_detail_unloading
(1 row)

ALTER TABLE
         ?column?         
--------------------------
 CREATE fk_user_role_role
(1 row)

ALTER TABLE
         ?column?         
--------------------------
 CREATE fk_user_role_user
(1 row)

ALTER TABLE
                   ?column?                   
----------------------------------------------
 CREATE fk_user_security_group_security_group
(1 row)

ALTER TABLE
              ?column?              
------------------------------------
 CREATE fk_user_security_group_user
(1 row)

ALTER TABLE
