total 324
-rw-rw-r-- 1 timhurton timhurton 95648 Mar 14 08:51 build_source_views.err
-rw-rw-r-- 1 timhurton timhurton  9346 Mar 14 08:51 build_target_views.err
-rw-rw-r-- 1 timhurton timhurton   643 Mar 14 08:50 create_extensions.err
-rw-rw-r-- 1 timhurton timhurton   476 Mar 14 08:50 drop_extensions.err
-rw-rw-r-- 1 timhurton timhurton   411 Mar 14 08:50 clear_schema_neowms.err
-rw-rw-r-- 1 timhurton timhurton   195 Mar 14 08:22 UK_Dupicates_measuring_unit_systems_un_measuring_unit_system_name.err
-rw-rw-r-- 1 timhurton timhurton   193 Mar 14 08:22 UK_Dupicates_measuring_unit_types_un_measuring_unit_type_name.err
-rw-rw-r-- 1 timhurton timhurton   188 Mar 14 08:22 UK_Dupicates_measuring_units_un_measuring_unit_abbreviation.err
-rw-rw-r-- 1 timhurton timhurton   180 Mar 14 08:22 UK_Dupicates_measuring_units_un_measuring_unit_name.err
-rw-rw-r-- 1 timhurton timhurton   179 Mar 14 08:23 UK_Dupicates_aisles_un_facility_zone_aisle_code.err
-rw-rw-r-- 1 timhurton timhurton   179 Mar 14 08:22 UK_Dupicates_product_classes_un_product_class_name.err
-rw-rw-r-- 1 timhurton timhurton   178 Mar 14 08:22 UK_Dupicates_facility_types_un_facility_type_name.err
-rw-rw-r-- 1 timhurton timhurton   175 Mar 14 08:22 FK_Violations_item_masters_fk_item_masters_measuring_units.err
-rw-rw-r-- 1 timhurton timhurton   175 Mar 14 08:22 FK_Violations_measuring_units_fk_measuring_units_measuring_unit_systems.err
-rw-rw-r-- 1 timhurton timhurton   173 Mar 14 08:22 FK_Violations_measuring_units_fk_measuring_units_measuring_unit_types.err
-rw-rw-r-- 1 timhurton timhurton   170 Mar 14 08:22 UK_Dupicates_aisles_un_zone_aisle_code.err
-rw-rw-r-- 1 timhurton timhurton   169 Mar 14 08:22 FK_Violations_item_masters_fk_item_masters_item_master_statuses.err
-rw-rw-r-- 1 timhurton timhurton   169 Mar 14 08:22 FK_Violations_locations_fk_locations_measuring_unit_length.err
-rw-rw-r-- 1 timhurton timhurton   169 Mar 14 08:22 FK_Violations_locations_fk_locations_measuring_unit_volume.err
-rw-rw-r-- 1 timhurton timhurton   169 Mar 14 08:22 FK_Violations_locations_fk_locations_measuring_unit_weight.err
-rw-rw-r-- 1 timhurton timhurton   168 Mar 14 08:22 UK_Dupicates_languages_un_language_code.err
-rw-rw-r-- 1 timhurton timhurton   168 Mar 14 08:22 UK_Dupicates_languages_un_language_name.err
-rw-rw-r-- 1 timhurton timhurton   168 Mar 14 08:22 UK_Dupicates_locations_un_location_code.err
-rw-rw-r-- 1 timhurton timhurton   167 Mar 14 08:23 UK_Dupicates_item_masters_un_item_master_code.err
-rw-rw-r-- 1 timhurton timhurton   166 Mar 14 08:22 UK_Dupicates_countries_un_alpha2_code.err
-rw-rw-r-- 1 timhurton timhurton   164 Mar 14 08:22 FK_Violations_item_masters_fk_item_masters_product_classes.err
-rw-rw-r-- 1 timhurton timhurton   163 Mar 14 08:22 FK_Violations_locations_fk_locations_location_statuses.err
-rw-rw-r-- 1 timhurton timhurton   162 Mar 14 08:22 FK_Violations_facilities_fk_facilities_facility_types.err
-rw-rw-r-- 1 timhurton timhurton   160 Mar 14 08:22 UK_Dupicates_zones_un_zone_code.err
-rw-rw-r-- 1 timhurton timhurton   157 Mar 14 08:22 FK_Violations_facilities_fk_facilities_languages.err
-rw-rw-r-- 1 timhurton timhurton   156 Mar 14 08:22 FK_Violations_facilities_fk_facilities_countries.err
-rw-rw-r-- 1 timhurton timhurton   156 Mar 14 08:22 FK_Violations_locations_fk_locations_facilities.err
-rw-rw-r-- 1 timhurton timhurton   153 Mar 14 08:22 FK_Violations_aisles_fk_aisles_facilities.err
-rw-rw-r-- 1 timhurton timhurton   153 Mar 14 08:22 FK_Violations_locations_fk_locations_aisles.err
-rw-rw-r-- 1 timhurton timhurton   153 Mar 14 08:22 FK_Violations_locations_fk_locations_levels.err
-rw-rw-r-- 1 timhurton timhurton   152 Mar 14 08:22 FK_Violations_locations_fk_locations_racks.err
-rw-rw-r-- 1 timhurton timhurton   152 Mar 14 08:22 FK_Violations_locations_fk_locations_zones.err
-rw-rw-r-- 1 timhurton timhurton   152 Mar 14 08:22 FK_Violations_zones_fk_zones_facilities.err
-rw-rw-r-- 1 timhurton timhurton   149 Mar 14 08:23 FK_Violations_aisles_fk_aisles_zones.err
-rw-rw-r-- 1 timhurton timhurton   149 Mar 14 08:22 FK_Violations_levels_fk_levels_racks.err
-rw-rw-r-- 1 timhurton timhurton   149 Mar 14 08:22 FK_Violations_racks_fk_racks_aisles.err
-rw-rw-r-- 1 timhurton timhurton   141 Mar 14 08:51 vw_failed_reconciliation.err
-rw-rw-r-- 1 timhurton timhurton   137 Mar 14 08:50 vw_foreign_cons_source.err
-rw-rw-r-- 1 timhurton timhurton   137 Mar 14 08:50 vw_foreign_constraints.err
-rw-rw-r-- 1 timhurton timhurton   135 Mar 14 08:50 vw_constraint_reports.err
-rw-rw-r-- 1 timhurton timhurton   135 Mar 14 08:51 vw_final_record_count.err
-rw-rw-r-- 1 timhurton timhurton   135 Mar 14 08:50 vw_unique_constraints.err
-rw-rw-r-- 1 timhurton timhurton   131 Mar 14 08:50 vw_foreign_cons_ref.err
-rw-rw-r-- 1 timhurton timhurton   129 Mar 14 08:50 client_parameters.err
-rw-rw-r-- 1 timhurton timhurton   129 Mar 14 08:50 migration_reports.err
-rw-rw-r-- 1 timhurton timhurton   127 Mar 14 08:50 constraint_audit.err
-rw-rw-r-- 1 timhurton timhurton   122 Mar 14 08:50 proc_error.err
-rw-rw-r-- 1 timhurton timhurton   122 Mar 14 08:50 transform_log.err
-rw-rw-r-- 1 timhurton timhurton   117 Mar 14 08:50 index_audit.err
-rw-rw-r-- 1 timhurton timhurton   115 Mar 14 08:50 proc_log.err
-rw-rw-r-- 1 timhurton timhurton   114 Mar 14 08:50 error_log.err
-rw-rw-r-- 1 timhurton timhurton     0 Mar 14 08:52 before_constraints_snapshot.err
-rw-rw-r-- 1 timhurton timhurton     0 Mar 14 08:52 before_indexes_snapshot.err
-rw-rw-r-- 1 timhurton timhurton     0 Mar 14 08:50 build_plpgsql.err
-rw-rw-r-- 1 timhurton timhurton     0 Mar 14 08:50 build_transform_tables.err
-rw-rw-r-- 1 timhurton timhurton     0 Mar 14 08:50 build_transform_views.err
-rw-rw-r-- 1 timhurton timhurton     0 Mar 14 08:50 build_utils_plpgsql.err
-rw-rw-r-- 1 timhurton timhurton     0 Mar 14 08:50 build_utils_tables.err
-rw-rw-r-- 1 timhurton timhurton     0 Mar 14 08:50 clear_schema_utils.err
-rw-rw-r-- 1 timhurton timhurton     0 Mar 14 08:52 clear_transform_tables.err
-rw-rw-r-- 1 timhurton timhurton     0 Mar 14 08:52 create_drop_constraints.err
-rw-rw-r-- 1 timhurton timhurton     0 Mar 14 08:52 create_drop_indexes.err
-rw-rw-r-- 1 timhurton timhurton     0 Mar 14 08:52 create_rebuild_constraints.err
-rw-rw-r-- 1 timhurton timhurton     0 Mar 14 08:52 create_reports.err
-rw-rw-r-- 1 timhurton timhurton     0 Mar 14 08:50 create_utils_db.err
-rw-rw-r-- 1 timhurton timhurton     0 Mar 14 08:50 drop_utils_db.err
-rw-rw-r-- 1 timhurton timhurton     0 Mar 14 08:52 first_time_set_run_id.err
-rw-rw-r-- 1 timhurton timhurton     0 Mar 14 08:52 gen_drop_constraints.err
-rw-rw-r-- 1 timhurton timhurton     0 Mar 14 08:52 gen_drop_indexes.err
-rw-rw-r-- 1 timhurton timhurton     0 Mar 14 08:52 gen_run_reports.err
-rw-rw-r-- 1 timhurton timhurton     0 Mar 14 08:51 populate_client_parameters.err
-rw-rw-r-- 1 timhurton timhurton     0 Mar 14 08:50 proc_build_index.err
-rw-rw-r-- 1 timhurton timhurton     0 Mar 14 08:50 proc_connect_dblink.err
-rw-rw-r-- 1 timhurton timhurton     0 Mar 14 08:50 proc_rebuild_index.err
-rw-rw-r-- 1 timhurton timhurton     0 Mar 14 08:50 proc_utils_error_log.err
-rw-rw-r-- 1 timhurton timhurton     0 Mar 14 08:50 proc_utils_transform_log.err
-rw-rw-r-- 1 timhurton timhurton     0 Mar 14 08:51 table_dblink_credentials.err
-rw-rw-r-- 1 timhurton timhurton     0 Mar 14 08:51 vw_compare_constraints.err
-rw-rw-r-- 1 timhurton timhurton     0 Mar 14 08:51 vw_compare_indexes.err
-rw-rw-r-- 1 timhurton timhurton     0 Mar 14 08:51 vw_elapsed_module_times.err
