psql:build_target_views.sql:69: NOTICE:  view "advanced_shipping_notice_status" does not exist, skipping
psql:build_target_views.sql:69: NOTICE:  view "advanced_shipping_notice" does not exist, skipping
psql:build_target_views.sql:69: NOTICE:  view "country" does not exist, skipping
psql:build_target_views.sql:69: NOTICE:  view "facility" does not exist, skipping
psql:build_target_views.sql:69: NOTICE:  view "facility_type" does not exist, skipping
psql:build_target_views.sql:69: NOTICE:  view "language" does not exist, skipping
psql:build_target_views.sql:69: NOTICE:  view "measuring_unit_system" does not exist, skipping
psql:build_target_views.sql:69: NOTICE:  view "user_facility" does not exist, skipping
psql:build_target_views.sql:69: NOTICE:  view "user" does not exist, skipping
psql:build_target_views.sql:69: NOTICE:  view "stock_owner" does not exist, skipping
psql:build_target_views.sql:69: NOTICE:  view "user_stock_owner" does not exist, skipping
psql:build_target_views.sql:69: NOTICE:  view "timezone" does not exist, skipping
psql:build_target_views.sql:69: NOTICE:  view "inbound_load_status" does not exist, skipping
psql:build_target_views.sql:69: NOTICE:  view "inbound_load" does not exist, skipping
psql:build_target_views.sql:69: NOTICE:  view "partner" does not exist, skipping
psql:build_target_views.sql:69: NOTICE:  view "aisle_direction" does not exist, skipping
psql:build_target_views.sql:69: NOTICE:  view "aisle" does not exist, skipping
psql:build_target_views.sql:69: NOTICE:  view "aisle_status" does not exist, skipping
psql:build_target_views.sql:69: NOTICE:  view "location_rule" does not exist, skipping
psql:build_target_views.sql:69: NOTICE:  view "zone" does not exist, skipping
psql:build_target_views.sql:69: NOTICE:  view "zone_status" does not exist, skipping
psql:build_target_views.sql:69: NOTICE:  view "location" does not exist, skipping
psql:build_target_views.sql:69: NOTICE:  view "level_status" does not exist, skipping
psql:build_target_views.sql:69: NOTICE:  view "level" does not exist, skipping
psql:build_target_views.sql:69: NOTICE:  view "location_weight_volume" does not exist, skipping
psql:build_target_views.sql:69: NOTICE:  view "measuring_unit" does not exist, skipping
psql:build_target_views.sql:69: NOTICE:  view "measuring_unit_type" does not exist, skipping
psql:build_target_views.sql:69: NOTICE:  view "rack" does not exist, skipping
psql:build_target_views.sql:69: NOTICE:  view "rack_status" does not exist, skipping
psql:build_target_views.sql:69: NOTICE:  view "location_status" does not exist, skipping
psql:build_target_views.sql:69: NOTICE:  view "location_class" does not exist, skipping
psql:build_target_views.sql:69: NOTICE:  view "location_type" does not exist, skipping
psql:build_target_views.sql:69: NOTICE:  view "location_hierarchy_level" does not exist, skipping
psql:build_target_views.sql:69: NOTICE:  view "advanced_shipping_notice_detail" does not exist, skipping
psql:build_target_views.sql:69: NOTICE:  view "advanced_shipping_notice_detail_status" does not exist, skipping
psql:build_target_views.sql:69: NOTICE:  view "inventory_priority" does not exist, skipping
psql:build_target_views.sql:69: NOTICE:  view "item_master" does not exist, skipping
psql:build_target_views.sql:69: NOTICE:  view "item_master_status" does not exist, skipping
psql:build_target_views.sql:69: NOTICE:  view "product_class" does not exist, skipping
psql:build_target_views.sql:69: NOTICE:  view "item_sku_attribute" does not exist, skipping
psql:build_target_views.sql:69: NOTICE:  view "item_stock_attribute" does not exist, skipping
psql:build_target_views.sql:69: NOTICE:  view "purchase_order_detail" does not exist, skipping
psql:build_target_views.sql:69: NOTICE:  view "purchase_order" does not exist, skipping
psql:build_target_views.sql:69: NOTICE:  view "purchase_order_status" does not exist, skipping
psql:build_target_views.sql:69: NOTICE:  view "purchase_order_type" does not exist, skipping
psql:build_target_views.sql:69: NOTICE:  view "purchase_order_detail_status" does not exist, skipping
psql:build_target_views.sql:69: NOTICE:  view "application_translation_name" does not exist, skipping
psql:build_target_views.sql:69: NOTICE:  view "application_translation" does not exist, skipping
psql:build_target_views.sql:69: NOTICE:  view "attribute_data_type" does not exist, skipping
psql:build_target_views.sql:69: NOTICE:  view "attribute_data_option" does not exist, skipping
psql:build_target_views.sql:69: NOTICE:  view "carrier_type" does not exist, skipping
psql:build_target_views.sql:69: NOTICE:  view "carrier" does not exist, skipping
psql:build_target_views.sql:69: NOTICE:  view "container" does not exist, skipping
psql:build_target_views.sql:69: NOTICE:  view "container_state" does not exist, skipping
psql:build_target_views.sql:69: NOTICE:  view "container_document" does not exist, skipping
psql:build_target_views.sql:69: NOTICE:  view "document_type" does not exist, skipping
psql:build_target_views.sql:69: NOTICE:  view "container_file" does not exist, skipping
psql:build_target_views.sql:69: NOTICE:  view "data_translation_name" does not exist, skipping
psql:build_target_views.sql:69: NOTICE:  view "data_translation" does not exist, skipping
psql:build_target_views.sql:69: NOTICE:  view "document_attribute" does not exist, skipping
psql:build_target_views.sql:69: NOTICE:  view "document_attribute_value" does not exist, skipping
psql:build_target_views.sql:69: NOTICE:  view "facility_stock_owner" does not exist, skipping
psql:build_target_views.sql:69: NOTICE:  view "inbound_load_detail" does not exist, skipping
psql:build_target_views.sql:69: NOTICE:  view "inbound_load_detail_status" does not exist, skipping
psql:build_target_views.sql:69: NOTICE:  view "item_master_footprint" does not exist, skipping
psql:build_target_views.sql:69: NOTICE:  view "item_master_footprint_detail" does not exist, skipping
psql:build_target_views.sql:69: NOTICE:  view "item_master_barcode" does not exist, skipping
psql:build_target_views.sql:69: NOTICE:  view "item_master_facility" does not exist, skipping
psql:build_target_views.sql:69: NOTICE:  view "item_master_file" does not exist, skipping
psql:build_target_views.sql:69: NOTICE:  view "item_master_footprint_file" does not exist, skipping
psql:build_target_views.sql:69: NOTICE:  view "item_master_footprint_packaging" does not exist, skipping
psql:build_target_views.sql:69: NOTICE:  view "packaging_type" does not exist, skipping
psql:build_target_views.sql:69: NOTICE:  view "item_master_putaway_type" does not exist, skipping
psql:build_target_views.sql:69: NOTICE:  view "putaway_type" does not exist, skipping
psql:build_target_views.sql:69: NOTICE:  view "item_master_sku_attribute" does not exist, skipping
psql:build_target_views.sql:69: NOTICE:  view "sku_attribute" does not exist, skipping
psql:build_target_views.sql:69: NOTICE:  view "item_master_stock_attribute" does not exist, skipping
psql:build_target_views.sql:69: NOTICE:  view "stock_attribute" does not exist, skipping
psql:build_target_views.sql:69: NOTICE:  view "item_sku_attribute_value" does not exist, skipping
psql:build_target_views.sql:69: NOTICE:  view "item_stock_attribute_value" does not exist, skipping
psql:build_target_views.sql:69: NOTICE:  view "location_rule_item_master" does not exist, skipping
psql:build_target_views.sql:69: NOTICE:  view "location_rule_product_class" does not exist, skipping
psql:build_target_views.sql:69: NOTICE:  view "location_rule_putaway_type" does not exist, skipping
psql:build_target_views.sql:69: NOTICE:  view "location_rule_stock_operation_type" does not exist, skipping
psql:build_target_views.sql:69: NOTICE:  view "stock_operation_type" does not exist, skipping
psql:build_target_views.sql:69: NOTICE:  view "location_rule_stock_owner" does not exist, skipping
psql:build_target_views.sql:69: NOTICE:  view "measuring_unit_conversion" does not exist, skipping
psql:build_target_views.sql:69: NOTICE:  view "migration" does not exist, skipping
psql:build_target_views.sql:69: NOTICE:  view "permission" does not exist, skipping
psql:build_target_views.sql:69: NOTICE:  view "role_permission" does not exist, skipping
psql:build_target_views.sql:69: NOTICE:  view "role" does not exist, skipping
psql:build_target_views.sql:69: NOTICE:  view "security_group_role" does not exist, skipping
psql:build_target_views.sql:69: NOTICE:  view "security_group" does not exist, skipping
psql:build_target_views.sql:69: NOTICE:  view "stock" does not exist, skipping
psql:build_target_views.sql:69: NOTICE:  view "stock_state" does not exist, skipping
psql:build_target_views.sql:69: NOTICE:  view "condition" does not exist, skipping
psql:build_target_views.sql:69: NOTICE:  view "stock_condition" does not exist, skipping
psql:build_target_views.sql:69: NOTICE:  view "stock_operation" does not exist, skipping
psql:build_target_views.sql:69: NOTICE:  view "tenant" does not exist, skipping
psql:build_target_views.sql:69: NOTICE:  view "unloading" does not exist, skipping
psql:build_target_views.sql:69: NOTICE:  view "unloading_detail" does not exist, skipping
psql:build_target_views.sql:69: NOTICE:  view "user_role" does not exist, skipping
psql:build_target_views.sql:69: NOTICE:  view "user_security_group" does not exist, skipping
