psql:build_source_views.sql:68: NOTICE:  view "apccri" does not exist, skipping
psql:build_source_views.sql:68: NOTICE:  view "apdtaara" does not exist, skipping
psql:build_source_views.sql:68: NOTICE:  view "apficp" does not exist, skipping
psql:build_source_views.sql:68: NOTICE:  view "aptsrc" does not exist, skipping
psql:build_source_views.sql:68: NOTICE:  view "aptcri" does not exist, skipping
psql:build_source_views.sql:68: NOTICE:  view "aptdpvd" does not exist, skipping
psql:build_source_views.sql:68: NOTICE:  view "geaw2r" does not exist, skipping
psql:build_source_views.sql:68: NOTICE:  view "gefabe" does not exist, skipping
psql:build_source_views.sql:68: NOTICE:  view "gegmri" does not exist, skipping
psql:build_source_views.sql:68: NOTICE:  view "gegmae" does not exist, skipping
psql:build_source_views.sql:68: NOTICE:  view "gepldp" does not exist, skipping
psql:build_source_views.sql:68: NOTICE:  view "geseri" does not exist, skipping
psql:build_source_views.sql:68: NOTICE:  view "geshpd" does not exist, skipping
psql:build_source_views.sql:68: NOTICE:  view "geshsd" does not exist, skipping
psql:build_source_views.sql:68: NOTICE:  view "gesima" does not exist, skipping
psql:build_source_views.sql:68: NOTICE:  view "gesime" does not exist, skipping
psql:build_source_views.sql:68: NOTICE:  view "gesims" does not exist, skipping
psql:build_source_views.sql:68: NOTICE:  view "geslig" does not exist, skipping
psql:build_source_views.sql:68: NOTICE:  view "gesorp" does not exist, skipping
psql:build_source_views.sql:68: NOTICE:  view "gespro" does not exist, skipping
psql:build_source_views.sql:68: NOTICE:  view "gesrc" does not exist, skipping
psql:build_source_views.sql:68: NOTICE:  view "gesrct1" does not exist, skipping
psql:build_source_views.sql:68: NOTICE:  view "gesrkt" does not exist, skipping
psql:build_source_views.sql:68: NOTICE:  view "gesrvt" does not exist, skipping
psql:build_source_views.sql:68: NOTICE:  view "gestis" does not exist, skipping
psql:build_source_views.sql:68: NOTICE:  view "gesupe" does not exist, skipping
psql:build_source_views.sql:68: NOTICE:  view "gesvagd" does not exist, skipping
psql:build_source_views.sql:68: NOTICE:  view "gesvage" does not exist, skipping
psql:build_source_views.sql:68: NOTICE:  view "getard" does not exist, skipping
psql:build_source_views.sql:68: NOTICE:  view "getare" does not exist, skipping
psql:build_source_views.sql:68: NOTICE:  view "getelis" does not exist, skipping
psql:build_source_views.sql:68: NOTICE:  view "getoud" does not exist, skipping
psql:build_source_views.sql:68: NOTICE:  view "getrch" does not exist, skipping
psql:build_source_views.sql:68: NOTICE:  view "getrcj" does not exist, skipping
psql:build_source_views.sql:68: NOTICE:  view "getrsp" does not exist, skipping
psql:build_source_views.sql:68: NOTICE:  view "gevtbr" does not exist, skipping
psql:build_source_views.sql:68: NOTICE:  view "gevtla" does not exist, skipping
psql:build_source_views.sql:68: NOTICE:  view "gevtld" does not exist, skipping
psql:build_source_views.sql:68: NOTICE:  view "gevtll" does not exist, skipping
psql:build_source_views.sql:68: NOTICE:  view "gevtlp" does not exist, skipping
psql:build_source_views.sql:68: NOTICE:  view "gevtmas" does not exist, skipping
psql:build_source_views.sql:68: NOTICE:  view "gewex01" does not exist, skipping
psql:build_source_views.sql:68: NOTICE:  view "gezchc" does not exist, skipping
psql:build_source_views.sql:68: NOTICE:  view "gezmdc" does not exist, skipping
psql:build_source_views.sql:68: NOTICE:  view "gezmdi" does not exist, skipping
psql:build_source_views.sql:68: NOTICE:  view "gezmds" does not exist, skipping
psql:build_source_views.sql:68: NOTICE:  view "gezmfp" does not exist, skipping
psql:build_source_views.sql:68: NOTICE:  view "gezmiq" does not exist, skipping
psql:build_source_views.sql:68: NOTICE:  view "gezmjrd" does not exist, skipping
psql:build_source_views.sql:68: NOTICE:  view "gezmnn" does not exist, skipping
psql:build_source_views.sql:68: NOTICE:  view "gezmpp" does not exist, skipping
psql:build_source_views.sql:68: NOTICE:  view "gezmrg" does not exist, skipping
psql:build_source_views.sql:68: NOTICE:  view "gezmtie" does not exist, skipping
psql:build_source_views.sql:68: NOTICE:  view "gezmav" does not exist, skipping
psql:build_source_views.sql:68: NOTICE:  view "gezmdf" does not exist, skipping
psql:build_source_views.sql:68: NOTICE:  view "gezmdp" does not exist, skipping
psql:build_source_views.sql:68: NOTICE:  view "gezmdt" does not exist, skipping
psql:build_source_views.sql:68: NOTICE:  view "gezmgd" does not exist, skipping
psql:build_source_views.sql:68: NOTICE:  view "gezmis" does not exist, skipping
psql:build_source_views.sql:68: NOTICE:  view "gezmjrt" does not exist, skipping
psql:build_source_views.sql:68: NOTICE:  view "gezmpc" does not exist, skipping
psql:build_source_views.sql:68: NOTICE:  view "gezmqg" does not exist, skipping
psql:build_source_views.sql:68: NOTICE:  view "ge1mdra" does not exist, skipping
psql:build_source_views.sql:68: NOTICE:  view "geztct" does not exist, skipping
psql:build_source_views.sql:68: NOTICE:  view "geztiers" does not exist, skipping
psql:build_source_views.sql:68: NOTICE:  view "geztmv" does not exist, skipping
psql:build_source_views.sql:68: NOTICE:  view "geztofd" does not exist, skipping
psql:build_source_views.sql:68: NOTICE:  view "geztpd" does not exist, skipping
psql:build_source_views.sql:68: NOTICE:  view "geztrce" does not exist, skipping
psql:build_source_views.sql:68: NOTICE:  view "geztrk" does not exist, skipping
psql:build_source_views.sql:68: NOTICE:  view "geztsk" does not exist, skipping
psql:build_source_views.sql:68: NOTICE:  view "geztva" does not exist, skipping
psql:build_source_views.sql:68: NOTICE:  view "gezuni" does not exist, skipping
psql:build_source_views.sql:68: NOTICE:  view "gezvat" does not exist, skipping
psql:build_source_views.sql:68: NOTICE:  view "ge1fou" does not exist, skipping
psql:build_source_views.sql:68: NOTICE:  view "ge1trea" does not exist, skipping
psql:build_source_views.sql:68: NOTICE:  view "geztep" does not exist, skipping
psql:build_source_views.sql:68: NOTICE:  view "geztmd" does not exist, skipping
psql:build_source_views.sql:68: NOTICE:  view "geztof" does not exist, skipping
psql:build_source_views.sql:68: NOTICE:  view "geztpc" does not exist, skipping
psql:build_source_views.sql:68: NOTICE:  view "geztpt" does not exist, skipping
psql:build_source_views.sql:68: NOTICE:  view "geztrf" does not exist, skipping
psql:build_source_views.sql:68: NOTICE:  view "geztli" does not exist, skipping
psql:build_source_views.sql:68: NOTICE:  view "geztod" does not exist, skipping
psql:build_source_views.sql:68: NOTICE:  view "geztpa" does not exist, skipping
psql:build_source_views.sql:68: NOTICE:  view "geztrcd" does not exist, skipping
psql:build_source_views.sql:68: NOTICE:  view "geztri" does not exist, skipping
psql:build_source_views.sql:68: NOTICE:  view "geztrt" does not exist, skipping
psql:build_source_views.sql:68: NOTICE:  view "geztve" does not exist, skipping
psql:build_source_views.sql:68: NOTICE:  view "gezvas" does not exist, skipping
psql:build_source_views.sql:68: NOTICE:  view "gezzon" does not exist, skipping
psql:build_source_views.sql:68: NOTICE:  view "gezzvi" does not exist, skipping
psql:build_source_views.sql:68: NOTICE:  view "ngzcry" does not exist, skipping
psql:build_source_views.sql:68: NOTICE:  view "apmailu" does not exist, skipping
psql:build_source_views.sql:68: NOTICE:  view "aputi" does not exist, skipping
psql:build_source_views.sql:68: NOTICE:  view "apaut" does not exist, skipping
psql:build_source_views.sql:68: NOTICE:  view "apaut0001" does not exist, skipping
psql:build_source_views.sql:68: NOTICE:  view "apaut_wms" does not exist, skipping
psql:build_source_views.sql:68: NOTICE:  view "apbasd" does not exist, skipping
psql:build_source_views.sql:68: NOTICE:  view "apbase" does not exist, skipping
psql:build_source_views.sql:68: NOTICE:  view "apbatd" does not exist, skipping
psql:build_source_views.sql:68: NOTICE:  view "apbatd0001" does not exist, skipping
psql:build_source_views.sql:68: NOTICE:  view "apbate" does not exist, skipping
psql:build_source_views.sql:68: NOTICE:  view "apbate0001" does not exist, skipping
psql:build_source_views.sql:68: NOTICE:  view "apboot" does not exist, skipping
psql:build_source_views.sql:68: NOTICE:  view "apccmq" does not exist, skipping
psql:build_source_views.sql:68: NOTICE:  view "apcdpc" does not exist, skipping
psql:build_source_views.sql:68: NOTICE:  view "apcdpd" does not exist, skipping
psql:build_source_views.sql:68: NOTICE:  view "apcdpe" does not exist, skipping
psql:build_source_views.sql:68: NOTICE:  view "apcfgk" does not exist, skipping
psql:build_source_views.sql:68: NOTICE:  view "apcfgn" does not exist, skipping
psql:build_source_views.sql:68: NOTICE:  view "apcfgp" does not exist, skipping
psql:build_source_views.sql:68: NOTICE:  view "apcfgu" does not exist, skipping
psql:build_source_views.sql:68: NOTICE:  view "apcind" does not exist, skipping
psql:build_source_views.sql:68: NOTICE:  view "apcpd" does not exist, skipping
psql:build_source_views.sql:68: NOTICE:  view "apcpd0001" does not exist, skipping
psql:build_source_views.sql:68: NOTICE:  view "apcpi" does not exist, skipping
psql:build_source_views.sql:68: NOTICE:  view "apcpt" does not exist, skipping
psql:build_source_views.sql:68: NOTICE:  view "apcpt0001" does not exist, skipping
psql:build_source_views.sql:68: NOTICE:  view "apdevdv" does not exist, skipping
psql:build_source_views.sql:68: NOTICE:  view "apdids" does not exist, skipping
psql:build_source_views.sql:68: NOTICE:  view "apdpvc" does not exist, skipping
psql:build_source_views.sql:68: NOTICE:  view "apdpvcsav" does not exist, skipping
psql:build_source_views.sql:68: NOTICE:  view "apdpvd" does not exist, skipping
psql:build_source_views.sql:68: NOTICE:  view "apdpvr" does not exist, skipping
psql:build_source_views.sql:68: NOTICE:  view "apfav" does not exist, skipping
psql:build_source_views.sql:68: NOTICE:  view "apfic" does not exist, skipping
psql:build_source_views.sql:68: NOTICE:  view "apfich" does not exist, skipping
psql:build_source_views.sql:68: NOTICE:  view "apficr" does not exist, skipping
psql:build_source_views.sql:68: NOTICE:  view "apflog" does not exist, skipping
psql:build_source_views.sql:68: NOTICE:  view "apfmsgf" does not exist, skipping
psql:build_source_views.sql:68: NOTICE:  view "apfxl" does not exist, skipping
psql:build_source_views.sql:68: NOTICE:  view "apgrcd" does not exist, skipping
psql:build_source_views.sql:68: NOTICE:  view "apgrce" does not exist, skipping
psql:build_source_views.sql:68: NOTICE:  view "apgrrc" does not exist, skipping
psql:build_source_views.sql:68: NOTICE:  view "apgrrd" does not exist, skipping
psql:build_source_views.sql:68: NOTICE:  view "apgrre" does not exist, skipping
psql:build_source_views.sql:68: NOTICE:  view "apjdtq" does not exist, skipping
psql:build_source_views.sql:68: NOTICE:  view "apjrn" does not exist, skipping
psql:build_source_views.sql:68: NOTICE:  view "apldaf" does not exist, skipping
psql:build_source_views.sql:68: NOTICE:  view "apltext" does not exist, skipping
psql:build_source_views.sql:68: NOTICE:  view "apmfcc" does not exist, skipping
psql:build_source_views.sql:68: NOTICE:  view "apmfcq" does not exist, skipping
psql:build_source_views.sql:68: NOTICE:  view "apmnu" does not exist, skipping
psql:build_source_views.sql:68: NOTICE:  view "apmnu0001" does not exist, skipping
psql:build_source_views.sql:68: NOTICE:  view "apmnui18n" does not exist, skipping
psql:build_source_views.sql:68: NOTICE:  view "apmsgf" does not exist, skipping
psql:build_source_views.sql:68: NOTICE:  view "apnes" does not exist, skipping
psql:build_source_views.sql:68: NOTICE:  view "apnesp" does not exist, skipping
psql:build_source_views.sql:68: NOTICE:  view "apnot" does not exist, skipping
psql:build_source_views.sql:68: NOTICE:  view "apobjl" does not exist, skipping
psql:build_source_views.sql:68: NOTICE:  view "apoutq" does not exist, skipping
psql:build_source_views.sql:68: NOTICE:  view "apprf" does not exist, skipping
psql:build_source_views.sql:68: NOTICE:  view "apqfav" does not exist, skipping
psql:build_source_views.sql:68: NOTICE:  view "apses" does not exist, skipping
psql:build_source_views.sql:68: NOTICE:  view "apspl" does not exist, skipping
psql:build_source_views.sql:68: NOTICE:  view "aptdtq" does not exist, skipping
psql:build_source_views.sql:68: NOTICE:  view "aputif" does not exist, skipping
psql:build_source_views.sql:68: NOTICE:  view "aputip" does not exist, skipping
psql:build_source_views.sql:68: NOTICE:  view "apwjob" does not exist, skipping
psql:build_source_views.sql:68: NOTICE:  view "apwsaut" does not exist, skipping
psql:build_source_views.sql:68: NOTICE:  view "apwsent" does not exist, skipping
psql:build_source_views.sql:68: NOTICE:  view "apwsiws" does not exist, skipping
psql:build_source_views.sql:68: NOTICE:  view "apwsjrn" does not exist, skipping
psql:build_source_views.sql:68: NOTICE:  view "apwsrub" does not exist, skipping
psql:build_source_views.sql:68: NOTICE:  view "apwswbs" does not exist, skipping
psql:build_source_views.sql:68: NOTICE:  view "apzasq" does not exist, skipping
psql:build_source_views.sql:68: NOTICE:  view "apzcmq" does not exist, skipping
psql:build_source_views.sql:68: NOTICE:  view "apzcpc" does not exist, skipping
psql:build_source_views.sql:68: NOTICE:  view "apzcpg" does not exist, skipping
psql:build_source_views.sql:68: NOTICE:  view "apzcur" does not exist, skipping
psql:build_source_views.sql:68: NOTICE:  view "apzcvu" does not exist, skipping
psql:build_source_views.sql:68: NOTICE:  view "apzdef" does not exist, skipping
psql:build_source_views.sql:68: NOTICE:  view "apzdoc" does not exist, skipping
psql:build_source_views.sql:68: NOTICE:  view "apzdocd" does not exist, skipping
psql:build_source_views.sql:68: NOTICE:  view "apzdocp" does not exist, skipping
psql:build_source_views.sql:68: NOTICE:  view "apzdtq" does not exist, skipping
psql:build_source_views.sql:68: NOTICE:  view "apzdtqb" does not exist, skipping
psql:build_source_views.sql:68: NOTICE:  view "apzdtqc" does not exist, skipping
psql:build_source_views.sql:68: NOTICE:  view "apzeem" does not exist, skipping
psql:build_source_views.sql:68: NOTICE:  view "apzefm" does not exist, skipping
psql:build_source_views.sql:68: NOTICE:  view "apzeoq" does not exist, skipping
psql:build_source_views.sql:68: NOTICE:  view "apzftp" does not exist, skipping
psql:build_source_views.sql:68: NOTICE:  view "apzimp" does not exist, skipping
psql:build_source_views.sql:68: NOTICE:  view "apzinl" does not exist, skipping
psql:build_source_views.sql:68: NOTICE:  view "apzinr" does not exist, skipping
psql:build_source_views.sql:68: NOTICE:  view "apzjob" does not exist, skipping
psql:build_source_views.sql:68: NOTICE:  view "apzlng" does not exist, skipping
psql:build_source_views.sql:68: NOTICE:  view "apzqsu" does not exist, skipping
psql:build_source_views.sql:68: NOTICE:  view "apzqud" does not exist, skipping
psql:build_source_views.sql:68: NOTICE:  view "apzrac" does not exist, skipping
psql:build_source_views.sql:68: NOTICE:  view "apzrap" does not exist, skipping
psql:build_source_views.sql:68: NOTICE:  view "apzspc" does not exist, skipping
psql:build_source_views.sql:68: NOTICE:  view "apzsqc" does not exist, skipping
psql:build_source_views.sql:68: NOTICE:  view "apzstr" does not exist, skipping
psql:build_source_views.sql:68: NOTICE:  view "apzstra" does not exist, skipping
psql:build_source_views.sql:68: NOTICE:  view "apzstre" does not exist, skipping
psql:build_source_views.sql:68: NOTICE:  view "apzstru" does not exist, skipping
psql:build_source_views.sql:68: NOTICE:  view "apzxod" does not exist, skipping
psql:build_source_views.sql:68: NOTICE:  view "apzxodp" does not exist, skipping
psql:build_source_views.sql:68: NOTICE:  view "attrep_apply_exceptions" does not exist, skipping
psql:build_source_views.sql:68: NOTICE:  view "ge1rub" does not exist, skipping
psql:build_source_views.sql:68: NOTICE:  view "geacird" does not exist, skipping
psql:build_source_views.sql:68: NOTICE:  view "geacire" does not exist, skipping
psql:build_source_views.sql:68: NOTICE:  view "geacirp" does not exist, skipping
psql:build_source_views.sql:68: NOTICE:  view "geacirv" does not exist, skipping
psql:build_source_views.sql:68: NOTICE:  view "geacre" does not exist, skipping
psql:build_source_views.sql:68: NOTICE:  view "geacri" does not exist, skipping
psql:build_source_views.sql:68: NOTICE:  view "geacrub" does not exist, skipping
psql:build_source_views.sql:68: NOTICE:  view "geact" does not exist, skipping
psql:build_source_views.sql:68: NOTICE:  view "geadrd" does not exist, skipping
psql:build_source_views.sql:68: NOTICE:  view "geadre" does not exist, skipping
psql:build_source_views.sql:68: NOTICE:  view "geaecc" does not exist, skipping
psql:build_source_views.sql:68: NOTICE:  view "geafic" does not exist, skipping
psql:build_source_views.sql:68: NOTICE:  view "geaipd" does not exist, skipping
psql:build_source_views.sql:68: NOTICE:  view "geaipe" does not exist, skipping
psql:build_source_views.sql:68: NOTICE:  view "geald" does not exist, skipping
psql:build_source_views.sql:68: NOTICE:  view "geale" does not exist, skipping
psql:build_source_views.sql:68: NOTICE:  view "geals" does not exist, skipping
psql:build_source_views.sql:68: NOTICE:  view "geatim" does not exist, skipping
psql:build_source_views.sql:68: NOTICE:  view "geatma" does not exist, skipping
psql:build_source_views.sql:68: NOTICE:  view "geatmc" does not exist, skipping
psql:build_source_views.sql:68: NOTICE:  view "geatmd" does not exist, skipping
psql:build_source_views.sql:68: NOTICE:  view "geatme" does not exist, skipping
psql:build_source_views.sql:68: NOTICE:  view "geatrd" does not exist, skipping
psql:build_source_views.sql:68: NOTICE:  view "geatre" does not exist, skipping
psql:build_source_views.sql:68: NOTICE:  view "geattmap" does not exist, skipping
psql:build_source_views.sql:68: NOTICE:  view "geaut" does not exist, skipping
psql:build_source_views.sql:68: NOTICE:  view "geavexb" does not exist, skipping
psql:build_source_views.sql:68: NOTICE:  view "geavexd" does not exist, skipping
psql:build_source_views.sql:68: NOTICE:  view "geavexe" does not exist, skipping
psql:build_source_views.sql:68: NOTICE:  view "geavexl" does not exist, skipping
psql:build_source_views.sql:68: NOTICE:  view "geavexo" does not exist, skipping
psql:build_source_views.sql:68: NOTICE:  view "geavexp" does not exist, skipping
psql:build_source_views.sql:68: NOTICE:  view "geavexr" does not exist, skipping
psql:build_source_views.sql:68: NOTICE:  view "geavexs" does not exist, skipping
psql:build_source_views.sql:68: NOTICE:  view "geavext" does not exist, skipping
psql:build_source_views.sql:68: NOTICE:  view "geavexv" does not exist, skipping
psql:build_source_views.sql:68: NOTICE:  view "geavrub" does not exist, skipping
psql:build_source_views.sql:68: NOTICE:  view "geavxf" does not exist, skipping
psql:build_source_views.sql:68: NOTICE:  view "geaw2j" does not exist, skipping
psql:build_source_views.sql:68: NOTICE:  view "geaw2s" does not exist, skipping
psql:build_source_views.sql:68: NOTICE:  view "geawg" does not exist, skipping
psql:build_source_views.sql:68: NOTICE:  view "geawk" does not exist, skipping
psql:build_source_views.sql:68: NOTICE:  view "geawpd" does not exist, skipping
psql:build_source_views.sql:68: NOTICE:  view "geawpe" does not exist, skipping
psql:build_source_views.sql:68: NOTICE:  view "geawps" does not exist, skipping
psql:build_source_views.sql:68: NOTICE:  view "geawpt" does not exist, skipping
psql:build_source_views.sql:68: NOTICE:  view "geawse" does not exist, skipping
psql:build_source_views.sql:68: NOTICE:  view "gebacd" does not exist, skipping
psql:build_source_views.sql:68: NOTICE:  view "gebace" does not exist, skipping
psql:build_source_views.sql:68: NOTICE:  view "gebcpt" does not exist, skipping
psql:build_source_views.sql:68: NOTICE:  view "gebkld" does not exist, skipping
psql:build_source_views.sql:68: NOTICE:  view "gebled" does not exist, skipping
psql:build_source_views.sql:68: NOTICE:  view "gebqtrn" does not exist, skipping
psql:build_source_views.sql:68: NOTICE:  view "gebqvag" does not exist, skipping
psql:build_source_views.sql:68: NOTICE:  view "gebrnd" does not exist, skipping
psql:build_source_views.sql:68: NOTICE:  view "gecaadr" does not exist, skipping
psql:build_source_views.sql:68: NOTICE:  view "gecafd" does not exist, skipping
psql:build_source_views.sql:68: NOTICE:  view "gecafe" does not exist, skipping
psql:build_source_views.sql:68: NOTICE:  view "gecaff" does not exist, skipping
psql:build_source_views.sql:68: NOTICE:  view "gecafp" does not exist, skipping
psql:build_source_views.sql:68: NOTICE:  view "gecarch" does not exist, skipping
psql:build_source_views.sql:68: NOTICE:  view "gecarli" does not exist, skipping
psql:build_source_views.sql:68: NOTICE:  view "gecast" does not exist, skipping
psql:build_source_views.sql:68: NOTICE:  view "geccas" does not exist, skipping
psql:build_source_views.sql:68: NOTICE:  view "geccc" does not exist, skipping
psql:build_source_views.sql:68: NOTICE:  view "gecct" does not exist, skipping
psql:build_source_views.sql:68: NOTICE:  view "gecfou" does not exist, skipping
psql:build_source_views.sql:68: NOTICE:  view "gecfrq" does not exist, skipping
psql:build_source_views.sql:68: NOTICE:  view "gecgne" does not exist, skipping
psql:build_source_views.sql:68: NOTICE:  view "geched" does not exist, skipping
psql:build_source_views.sql:68: NOTICE:  view "gechee" does not exist, skipping
psql:build_source_views.sql:68: NOTICE:  view "gechet" does not exist, skipping
psql:build_source_views.sql:68: NOTICE:  view "gechpd" does not exist, skipping
psql:build_source_views.sql:68: NOTICE:  view "gechpe" does not exist, skipping
psql:build_source_views.sql:68: NOTICE:  view "gechsup" does not exist, skipping
psql:build_source_views.sql:68: NOTICE:  view "gecht" does not exist, skipping
psql:build_source_views.sql:68: NOTICE:  view "gecirt" does not exist, skipping
psql:build_source_views.sql:68: NOTICE:  view "geclad" does not exist, skipping
psql:build_source_views.sql:68: NOTICE:  view "geclae" does not exist, skipping
psql:build_source_views.sql:68: NOTICE:  view "gecli" does not exist, skipping
psql:build_source_views.sql:68: NOTICE:  view "geclre" does not exist, skipping
psql:build_source_views.sql:68: NOTICE:  view "geclri" does not exist, skipping
psql:build_source_views.sql:68: NOTICE:  view "geclrub" does not exist, skipping
psql:build_source_views.sql:68: NOTICE:  view "gecma" does not exist, skipping
psql:build_source_views.sql:68: NOTICE:  view "gecme" does not exist, skipping
psql:build_source_views.sql:68: NOTICE:  view "gecmj" does not exist, skipping
psql:build_source_views.sql:68: NOTICE:  view "gecnt" does not exist, skipping
psql:build_source_views.sql:68: NOTICE:  view "gecole" does not exist, skipping
psql:build_source_views.sql:68: NOTICE:  view "gecomat" does not exist, skipping
psql:build_source_views.sql:68: NOTICE:  view "gecomw" does not exist, skipping
psql:build_source_views.sql:68: NOTICE:  view "gecoofd" does not exist, skipping
psql:build_source_views.sql:68: NOTICE:  view "gecoofe" does not exist, skipping
psql:build_source_views.sql:68: NOTICE:  view "gecoord" does not exist, skipping
psql:build_source_views.sql:68: NOTICE:  view "gecoore" does not exist, skipping
psql:build_source_views.sql:68: NOTICE:  view "gecopld" does not exist, skipping
psql:build_source_views.sql:68: NOTICE:  view "gecople" does not exist, skipping
psql:build_source_views.sql:68: NOTICE:  view "gecovag" does not exist, skipping
psql:build_source_views.sql:68: NOTICE:  view "gecovof" does not exist, skipping
psql:build_source_views.sql:68: NOTICE:  view "gecovpf" does not exist, skipping
psql:build_source_views.sql:68: NOTICE:  view "gecpk" does not exist, skipping
psql:build_source_views.sql:68: NOTICE:  view "gecpt" does not exist, skipping
psql:build_source_views.sql:68: NOTICE:  view "gecrecd" does not exist, skipping
psql:build_source_views.sql:68: NOTICE:  view "gecrece" does not exist, skipping
psql:build_source_views.sql:68: NOTICE:  view "gecrecl" does not exist, skipping
psql:build_source_views.sql:68: NOTICE:  view "gecsud" does not exist, skipping
psql:build_source_views.sql:68: NOTICE:  view "gecsupb" does not exist, skipping
psql:build_source_views.sql:68: NOTICE:  view "gecsupd" does not exist, skipping
psql:build_source_views.sql:68: NOTICE:  view "gecsupe" does not exist, skipping
psql:build_source_views.sql:68: NOTICE:  view "gecsupr" does not exist, skipping
psql:build_source_views.sql:68: NOTICE:  view "gectd" does not exist, skipping
psql:build_source_views.sql:68: NOTICE:  view "gectmd" does not exist, skipping
psql:build_source_views.sql:68: NOTICE:  view "gecto" does not exist, skipping
psql:build_source_views.sql:68: NOTICE:  view "gectrld" does not exist, skipping
psql:build_source_views.sql:68: NOTICE:  view "gectrle" does not exist, skipping
psql:build_source_views.sql:68: NOTICE:  view "gecuma" does not exist, skipping
psql:build_source_views.sql:68: NOTICE:  view "gedbab" does not exist, skipping
psql:build_source_views.sql:68: NOTICE:  view "gedbad" does not exist, skipping
psql:build_source_views.sql:68: NOTICE:  view "gedbae" does not exist, skipping
psql:build_source_views.sql:68: NOTICE:  view "gedball" does not exist, skipping
psql:build_source_views.sql:68: NOTICE:  view "gedbao" does not exist, skipping
psql:build_source_views.sql:68: NOTICE:  view "gedbco" does not exist, skipping
psql:build_source_views.sql:68: NOTICE:  view "gedbgar" does not exist, skipping
psql:build_source_views.sql:68: NOTICE:  view "gedbld" does not exist, skipping
psql:build_source_views.sql:68: NOTICE:  view "gedble" does not exist, skipping
psql:build_source_views.sql:68: NOTICE:  view "gedblg" does not exist, skipping
psql:build_source_views.sql:68: NOTICE:  view "gedbll" does not exist, skipping
psql:build_source_views.sql:68: NOTICE:  view "gedblp" does not exist, skipping
psql:build_source_views.sql:68: NOTICE:  view "gedblvd" does not exist, skipping
psql:build_source_views.sql:68: NOTICE:  view "gedblve" does not exist, skipping
psql:build_source_views.sql:68: NOTICE:  view "gedbmat" does not exist, skipping
psql:build_source_views.sql:68: NOTICE:  view "gedbmn" does not exist, skipping
psql:build_source_views.sql:68: NOTICE:  view "gedbpal" does not exist, skipping
psql:build_source_views.sql:68: NOTICE:  view "gedbpic" does not exist, skipping
psql:build_source_views.sql:68: NOTICE:  view "gedbple" does not exist, skipping
psql:build_source_views.sql:68: NOTICE:  view "gedbrb" does not exist, skipping
psql:build_source_views.sql:68: NOTICE:  view "gedbrd" does not exist, skipping
psql:build_source_views.sql:68: NOTICE:  view "gedbre" does not exist, skipping
psql:build_source_views.sql:68: NOTICE:  view "gedbrp" does not exist, skipping
psql:build_source_views.sql:68: NOTICE:  view "gedbsd" does not exist, skipping
psql:build_source_views.sql:68: NOTICE:  view "gedbse" does not exist, skipping
psql:build_source_views.sql:68: NOTICE:  view "gedbsr" does not exist, skipping
psql:build_source_views.sql:68: NOTICE:  view "gedbss" does not exist, skipping
psql:build_source_views.sql:68: NOTICE:  view "gedbsts" does not exist, skipping
psql:build_source_views.sql:68: NOTICE:  view "gedbtd" does not exist, skipping
psql:build_source_views.sql:68: NOTICE:  view "gedbte" does not exist, skipping
psql:build_source_views.sql:68: NOTICE:  view "gedbue" does not exist, skipping
psql:build_source_views.sql:68: NOTICE:  view "gedbvag" does not exist, skipping
psql:build_source_views.sql:68: NOTICE:  view "gedids" does not exist, skipping
psql:build_source_views.sql:68: NOTICE:  view "gedipl" does not exist, skipping
psql:build_source_views.sql:68: NOTICE:  view "gedosd" does not exist, skipping
psql:build_source_views.sql:68: NOTICE:  view "gedose" does not exist, skipping
psql:build_source_views.sql:68: NOTICE:  view "gedplw" does not exist, skipping
psql:build_source_views.sql:68: NOTICE:  view "gedprp" does not exist, skipping
psql:build_source_views.sql:68: NOTICE:  view "geean" does not exist, skipping
psql:build_source_views.sql:68: NOTICE:  view "geecae" does not exist, skipping
psql:build_source_views.sql:68: NOTICE:  view "geecai" does not exist, skipping
psql:build_source_views.sql:68: NOTICE:  view "geecpt" does not exist, skipping
psql:build_source_views.sql:68: NOTICE:  view "geembd" does not exist, skipping
psql:build_source_views.sql:68: NOTICE:  view "geembe" does not exist, skipping
psql:build_source_views.sql:68: NOTICE:  view "geembg" does not exist, skipping
psql:build_source_views.sql:68: NOTICE:  view "geembi" does not exist, skipping
psql:build_source_views.sql:68: NOTICE:  view "geembr" does not exist, skipping
psql:build_source_views.sql:68: NOTICE:  view "geembsi" does not exist, skipping
psql:build_source_views.sql:68: NOTICE:  view "geemngd" does not exist, skipping
psql:build_source_views.sql:68: NOTICE:  view "geemnge" does not exist, skipping
psql:build_source_views.sql:68: NOTICE:  view "geemtc" does not exist, skipping
psql:build_source_views.sql:68: NOTICE:  view "geemtf" does not exist, skipping
psql:build_source_views.sql:68: NOTICE:  view "geeplm" does not exist, skipping
psql:build_source_views.sql:68: NOTICE:  view "geerr" does not exist, skipping
psql:build_source_views.sql:68: NOTICE:  view "geerrt" does not exist, skipping
psql:build_source_views.sql:68: NOTICE:  view "geertm" does not exist, skipping
psql:build_source_views.sql:68: NOTICE:  view "geetiliv" does not exist, skipping
psql:build_source_views.sql:68: NOTICE:  view "geexp" does not exist, skipping
psql:build_source_views.sql:68: NOTICE:  view "geexpd" does not exist, skipping
psql:build_source_views.sql:68: NOTICE:  view "geexpe" does not exist, skipping
psql:build_source_views.sql:68: NOTICE:  view "gefacd" does not exist, skipping
psql:build_source_views.sql:68: NOTICE:  view "geface" does not exist, skipping
psql:build_source_views.sql:68: NOTICE:  view "gefacs" does not exist, skipping
psql:build_source_views.sql:68: NOTICE:  view "gefapp" does not exist, skipping
psql:build_source_views.sql:68: NOTICE:  view "gefdcf" does not exist, skipping
psql:build_source_views.sql:68: NOTICE:  view "gefdcp" does not exist, skipping
psql:build_source_views.sql:68: NOTICE:  view "gefild" does not exist, skipping
psql:build_source_views.sql:68: NOTICE:  view "gefile" does not exist, skipping
psql:build_source_views.sql:68: NOTICE:  view "gefilu" does not exist, skipping
psql:build_source_views.sql:68: NOTICE:  view "gefiqd" does not exist, skipping
psql:build_source_views.sql:68: NOTICE:  view "gefiqe" does not exist, skipping
psql:build_source_views.sql:68: NOTICE:  view "gefore" does not exist, skipping
psql:build_source_views.sql:68: NOTICE:  view "geforub" does not exist, skipping
psql:build_source_views.sql:68: NOTICE:  view "gefou" does not exist, skipping
psql:build_source_views.sql:68: NOTICE:  view "gefpall" does not exist, skipping
psql:build_source_views.sql:68: NOTICE:  view "gefpc" does not exist, skipping
psql:build_source_views.sql:68: NOTICE:  view "gefpcir" does not exist, skipping
psql:build_source_views.sql:68: NOTICE:  view "gefpmsg" does not exist, skipping
psql:build_source_views.sql:68: NOTICE:  view "gefppd" does not exist, skipping
psql:build_source_views.sql:68: NOTICE:  view "gefppe" does not exist, skipping
psql:build_source_views.sql:68: NOTICE:  view "gefppic" does not exist, skipping
psql:build_source_views.sql:68: NOTICE:  view "gefppro" does not exist, skipping
psql:build_source_views.sql:68: NOTICE:  view "gefpro" does not exist, skipping
psql:build_source_views.sql:68: NOTICE:  view "gefpsto" does not exist, skipping
psql:build_source_views.sql:68: NOTICE:  view "gefpsts" does not exist, skipping
psql:build_source_views.sql:68: NOTICE:  view "gefrs" does not exist, skipping
psql:build_source_views.sql:68: NOTICE:  view "geftrf" does not exist, skipping
psql:build_source_views.sql:68: NOTICE:  view "geftrp" does not exist, skipping
psql:build_source_views.sql:68: NOTICE:  view "gefvag" does not exist, skipping
psql:build_source_views.sql:68: NOTICE:  view "gefvat" does not exist, skipping
psql:build_source_views.sql:68: NOTICE:  view "gegar" does not exist, skipping
psql:build_source_views.sql:68: NOTICE:  view "gegmad" does not exist, skipping
psql:build_source_views.sql:68: NOTICE:  view "gegmda" does not exist, skipping
psql:build_source_views.sql:68: NOTICE:  view "gegmsd" does not exist, skipping
psql:build_source_views.sql:68: NOTICE:  view "gegmse" does not exist, skipping
psql:build_source_views.sql:68: NOTICE:  view "gegmsx" does not exist, skipping
psql:build_source_views.sql:68: NOTICE:  view "gegmxe" does not exist, skipping
psql:build_source_views.sql:68: NOTICE:  view "gegppal" does not exist, skipping
psql:build_source_views.sql:68: NOTICE:  view "gegrsup" does not exist, skipping
psql:build_source_views.sql:68: NOTICE:  view "gegsup" does not exist, skipping
psql:build_source_views.sql:68: NOTICE:  view "gehact" does not exist, skipping
psql:build_source_views.sql:68: NOTICE:  view "gehcar" does not exist, skipping
psql:build_source_views.sql:68: NOTICE:  view "gehcir" does not exist, skipping
psql:build_source_views.sql:68: NOTICE:  view "gehcli" does not exist, skipping
psql:build_source_views.sql:68: NOTICE:  view "gehctlc" does not exist, skipping
psql:build_source_views.sql:68: NOTICE:  view "gehctld" does not exist, skipping
psql:build_source_views.sql:68: NOTICE:  view "gehctle" does not exist, skipping
psql:build_source_views.sql:68: NOTICE:  view "gehctlr" does not exist, skipping
psql:build_source_views.sql:68: NOTICE:  view "gehctlt" does not exist, skipping
psql:build_source_views.sql:68: NOTICE:  view "gehctrc" does not exist, skipping
psql:build_source_views.sql:68: NOTICE:  view "gehctrd" does not exist, skipping
psql:build_source_views.sql:68: NOTICE:  view "gehctre" does not exist, skipping
psql:build_source_views.sql:68: NOTICE:  view "gehctrt" does not exist, skipping
psql:build_source_views.sql:68: NOTICE:  view "gehemb" does not exist, skipping
psql:build_source_views.sql:68: NOTICE:  view "gehexpd" does not exist, skipping
psql:build_source_views.sql:68: NOTICE:  view "gehexpe" does not exist, skipping
psql:build_source_views.sql:68: NOTICE:  view "gehexps" does not exist, skipping
psql:build_source_views.sql:68: NOTICE:  view "gehfou" does not exist, skipping
psql:build_source_views.sql:68: NOTICE:  view "gehisq" does not exist, skipping
psql:build_source_views.sql:68: NOTICE:  view "gehist" does not exist, skipping
psql:build_source_views.sql:68: NOTICE:  view "gehldr" does not exist, skipping
psql:build_source_views.sql:68: NOTICE:  view "gehmpro" does not exist, skipping
psql:build_source_views.sql:68: NOTICE:  view "gehpro" does not exist, skipping
psql:build_source_views.sql:68: NOTICE:  view "gehprp" does not exist, skipping
psql:build_source_views.sql:68: NOTICE:  view "gehrcn" does not exist, skipping
psql:build_source_views.sql:68: NOTICE:  view "gehsced" does not exist, skipping
psql:build_source_views.sql:68: NOTICE:  view "gehscee" does not exist, skipping
psql:build_source_views.sql:68: NOTICE:  view "gehsup" does not exist, skipping
psql:build_source_views.sql:68: NOTICE:  view "geidjex" does not exist, skipping
psql:build_source_views.sql:68: NOTICE:  view "geidwbs" does not exist, skipping
psql:build_source_views.sql:68: NOTICE:  view "geima" does not exist, skipping
psql:build_source_views.sql:68: NOTICE:  view "geindp" does not exist, skipping
psql:build_source_views.sql:68: NOTICE:  view "geinp" does not exist, skipping
psql:build_source_views.sql:68: NOTICE:  view "geivgc" does not exist, skipping
psql:build_source_views.sql:68: NOTICE:  view "geivgd" does not exist, skipping
psql:build_source_views.sql:68: NOTICE:  view "geivge" does not exist, skipping
psql:build_source_views.sql:68: NOTICE:  view "geivgm" does not exist, skipping
psql:build_source_views.sql:68: NOTICE:  view "geivgo" does not exist, skipping
psql:build_source_views.sql:68: NOTICE:  view "geivgs" does not exist, skipping
psql:build_source_views.sql:68: NOTICE:  view "geivhis" does not exist, skipping
psql:build_source_views.sql:68: NOTICE:  view "geivjsa" does not exist, skipping
psql:build_source_views.sql:68: NOTICE:  view "geivpal" does not exist, skipping
psql:build_source_views.sql:68: NOTICE:  view "geivpro" does not exist, skipping
psql:build_source_views.sql:68: NOTICE:  view "geivsai" does not exist, skipping
psql:build_source_views.sql:68: NOTICE:  view "geivsd" does not exist, skipping
psql:build_source_views.sql:68: NOTICE:  view "geivse" does not exist, skipping
psql:build_source_views.sql:68: NOTICE:  view "geivser" does not exist, skipping
psql:build_source_views.sql:68: NOTICE:  view "geivstk" does not exist, skipping
psql:build_source_views.sql:68: NOTICE:  view "geivsto" does not exist, skipping
psql:build_source_views.sql:68: NOTICE:  view "gejcar" does not exist, skipping
psql:build_source_views.sql:68: NOTICE:  view "gejcpt" does not exist, skipping
psql:build_source_views.sql:68: NOTICE:  view "gejdbl" does not exist, skipping
psql:build_source_views.sql:68: NOTICE:  view "gejex" does not exist, skipping
psql:build_source_views.sql:68: NOTICE:  view "gejexw" does not exist, skipping
psql:build_source_views.sql:68: NOTICE:  view "gejmc" does not exist, skipping
psql:build_source_views.sql:68: NOTICE:  view "gejmc1" does not exist, skipping
psql:build_source_views.sql:68: NOTICE:  view "gejna" does not exist, skipping
psql:build_source_views.sql:68: NOTICE:  view "gejne" does not exist, skipping
psql:build_source_views.sql:68: NOTICE:  view "gejnl" does not exist, skipping
psql:build_source_views.sql:68: NOTICE:  view "gejnm" does not exist, skipping
psql:build_source_views.sql:68: NOTICE:  view "gejns" does not exist, skipping
psql:build_source_views.sql:68: NOTICE:  view "gejoin" does not exist, skipping
psql:build_source_views.sql:68: NOTICE:  view "gejopr" does not exist, skipping
psql:build_source_views.sql:68: NOTICE:  view "gejrb" does not exist, skipping
psql:build_source_views.sql:68: NOTICE:  view "gejrwbs" does not exist, skipping
psql:build_source_views.sql:68: NOTICE:  view "gejtrfe" does not exist, skipping
psql:build_source_views.sql:68: NOTICE:  view "gekaid" does not exist, skipping
psql:build_source_views.sql:68: NOTICE:  view "gekaie" does not exist, skipping
psql:build_source_views.sql:68: NOTICE:  view "gekaiq" does not exist, skipping
psql:build_source_views.sql:68: NOTICE:  view "gekair" does not exist, skipping
psql:build_source_views.sql:68: NOTICE:  view "gekais" does not exist, skipping
psql:build_source_views.sql:68: NOTICE:  view "gekait" does not exist, skipping
psql:build_source_views.sql:68: NOTICE:  view "gekgrk" does not exist, skipping
psql:build_source_views.sql:68: NOTICE:  view "gekole" does not exist, skipping
psql:build_source_views.sql:68: NOTICE:  view "geligv" does not exist, skipping
psql:build_source_views.sql:68: NOTICE:  view "gelire" does not exist, skipping
psql:build_source_views.sql:68: NOTICE:  view "geliri" does not exist, skipping
psql:build_source_views.sql:68: NOTICE:  view "gelirsi" does not exist, skipping
psql:build_source_views.sql:68: NOTICE:  view "gelirub" does not exist, skipping
psql:build_source_views.sql:68: NOTICE:  view "gelitd" does not exist, skipping
psql:build_source_views.sql:68: NOTICE:  view "gelite" does not exist, skipping
psql:build_source_views.sql:68: NOTICE:  view "gelivd" does not exist, skipping
psql:build_source_views.sql:68: NOTICE:  view "gelive" does not exist, skipping
psql:build_source_views.sql:68: NOTICE:  view "gelivl" does not exist, skipping
psql:build_source_views.sql:68: NOTICE:  view "gelivo" does not exist, skipping
psql:build_source_views.sql:68: NOTICE:  view "gelivt" does not exist, skipping
psql:build_source_views.sql:68: NOTICE:  view "gelivu" does not exist, skipping
psql:build_source_views.sql:68: NOTICE:  view "gelmis" does not exist, skipping
psql:build_source_views.sql:68: NOTICE:  view "gelmnq" does not exist, skipping
psql:build_source_views.sql:68: NOTICE:  view "gelot" does not exist, skipping
psql:build_source_views.sql:68: NOTICE:  view "gelpi" does not exist, skipping
psql:build_source_views.sql:68: NOTICE:  view "gelsup" does not exist, skipping
psql:build_source_views.sql:68: NOTICE:  view "geltsk" does not exist, skipping
psql:build_source_views.sql:68: NOTICE:  view "gem53" does not exist, skipping
psql:build_source_views.sql:68: NOTICE:  view "gemajpro" does not exist, skipping
psql:build_source_views.sql:68: NOTICE:  view "gemajsts" does not exist, skipping
psql:build_source_views.sql:68: NOTICE:  view "gemcv" does not exist, skipping
psql:build_source_views.sql:68: NOTICE:  view "gemitc" does not exist, skipping
psql:build_source_views.sql:68: NOTICE:  view "gemitd" does not exist, skipping
psql:build_source_views.sql:68: NOTICE:  view "gemitjd" does not exist, skipping
psql:build_source_views.sql:68: NOTICE:  view "gemitje" does not exist, skipping
psql:build_source_views.sql:68: NOTICE:  view "gemitn" does not exist, skipping
psql:build_source_views.sql:68: NOTICE:  view "gemitnbk" does not exist, skipping
psql:build_source_views.sql:68: NOTICE:  view "gemits" does not exist, skipping
psql:build_source_views.sql:68: NOTICE:  view "gemrcd" does not exist, skipping
psql:build_source_views.sql:68: NOTICE:  view "gemrce" does not exist, skipping
psql:build_source_views.sql:68: NOTICE:  view "gemrrub" does not exist, skipping
psql:build_source_views.sql:68: NOTICE:  view "gemrub" does not exist, skipping
psql:build_source_views.sql:68: NOTICE:  view "gemtr" does not exist, skipping
psql:build_source_views.sql:68: NOTICE:  view "geope" does not exist, skipping
psql:build_source_views.sql:68: NOTICE:  view "geora" does not exist, skipping
psql:build_source_views.sql:68: NOTICE:  view "gepack" does not exist, skipping
psql:build_source_views.sql:68: NOTICE:  view "gepal" does not exist, skipping
psql:build_source_views.sql:68: NOTICE:  view "gepalma" does not exist, skipping
psql:build_source_views.sql:68: NOTICE:  view "gepasd" does not exist, skipping
psql:build_source_views.sql:68: NOTICE:  view "gepase" does not exist, skipping
psql:build_source_views.sql:68: NOTICE:  view "gepchp" does not exist, skipping
psql:build_source_views.sql:68: NOTICE:  view "gepchpbk" does not exist, skipping
psql:build_source_views.sql:68: NOTICE:  view "gepcm" does not exist, skipping
psql:build_source_views.sql:68: NOTICE:  view "gepecb" does not exist, skipping
psql:build_source_views.sql:68: NOTICE:  view "gepemb" does not exist, skipping
psql:build_source_views.sql:68: NOTICE:  view "gepen" does not exist, skipping
psql:build_source_views.sql:68: NOTICE:  view "gephmd" does not exist, skipping
psql:build_source_views.sql:68: NOTICE:  view "gephme" does not exist, skipping
psql:build_source_views.sql:68: NOTICE:  view "gepho" does not exist, skipping
psql:build_source_views.sql:68: NOTICE:  view "gephoh" does not exist, skipping
psql:build_source_views.sql:68: NOTICE:  view "gepic" does not exist, skipping
psql:build_source_views.sql:68: NOTICE:  view "gepiv" does not exist, skipping
psql:build_source_views.sql:68: NOTICE:  view "gepkre" does not exist, skipping
psql:build_source_views.sql:68: NOTICE:  view "geple" does not exist, skipping
psql:build_source_views.sql:68: NOTICE:  view "geplexe" does not exist, skipping
psql:build_source_views.sql:68: NOTICE:  view "geplexp" does not exist, skipping
psql:build_source_views.sql:68: NOTICE:  view "geplib" does not exist, skipping
psql:build_source_views.sql:68: NOTICE:  view "geplqd" does not exist, skipping
psql:build_source_views.sql:68: NOTICE:  view "geplqe" does not exist, skipping
psql:build_source_views.sql:68: NOTICE:  view "geplr" does not exist, skipping
psql:build_source_views.sql:68: NOTICE:  view "geplrd" does not exist, skipping
psql:build_source_views.sql:68: NOTICE:  view "geplre" does not exist, skipping
psql:build_source_views.sql:68: NOTICE:  view "geplrec" does not exist, skipping
psql:build_source_views.sql:68: NOTICE:  view "geplree" does not exist, skipping
psql:build_source_views.sql:68: NOTICE:  view "geplrs" does not exist, skipping
psql:build_source_views.sql:68: NOTICE:  view "geplst" does not exist, skipping
psql:build_source_views.sql:68: NOTICE:  view "gepltoe" does not exist, skipping
psql:build_source_views.sql:68: NOTICE:  view "gepltou" does not exist, skipping
psql:build_source_views.sql:68: NOTICE:  view "geplv" does not exist, skipping
psql:build_source_views.sql:68: NOTICE:  view "geplxd" does not exist, skipping
psql:build_source_views.sql:68: NOTICE:  view "geplxe" does not exist, skipping
psql:build_source_views.sql:68: NOTICE:  view "geplxs" does not exist, skipping
psql:build_source_views.sql:68: NOTICE:  view "gepm72" does not exist, skipping
psql:build_source_views.sql:68: NOTICE:  view "gepntd" does not exist, skipping
psql:build_source_views.sql:68: NOTICE:  view "gepnte" does not exist, skipping
psql:build_source_views.sql:68: NOTICE:  view "geprdc" does not exist, skipping
psql:build_source_views.sql:68: NOTICE:  view "geprnc" does not exist, skipping
psql:build_source_views.sql:68: NOTICE:  view "geprnd" does not exist, skipping
psql:build_source_views.sql:68: NOTICE:  view "geprne" does not exist, skipping
psql:build_source_views.sql:68: NOTICE:  view "gepro" does not exist, skipping
psql:build_source_views.sql:68: NOTICE:  view "geproj" does not exist, skipping
psql:build_source_views.sql:68: NOTICE:  view "geproob" does not exist, skipping
psql:build_source_views.sql:68: NOTICE:  view "geprpe" does not exist, skipping
psql:build_source_views.sql:68: NOTICE:  view "geprpp" does not exist, skipping
psql:build_source_views.sql:68: NOTICE:  view "geprrub" does not exist, skipping
psql:build_source_views.sql:68: NOTICE:  view "geprsq" does not exist, skipping
psql:build_source_views.sql:68: NOTICE:  view "geprvd" does not exist, skipping
psql:build_source_views.sql:68: NOTICE:  view "geprve" does not exist, skipping
psql:build_source_views.sql:68: NOTICE:  view "gepsa" does not exist, skipping
psql:build_source_views.sql:68: NOTICE:  view "gepsre" does not exist, skipping
psql:build_source_views.sql:68: NOTICE:  view "gepsup" does not exist, skipping
psql:build_source_views.sql:68: NOTICE:  view "gepv7511" does not exist, skipping
psql:build_source_views.sql:68: NOTICE:  view "gepv7512" does not exist, skipping
psql:build_source_views.sql:68: NOTICE:  view "gepv7529" does not exist, skipping
psql:build_source_views.sql:68: NOTICE:  view "gepv7530" does not exist, skipping
psql:build_source_views.sql:68: NOTICE:  view "gepv7550" does not exist, skipping
psql:build_source_views.sql:68: NOTICE:  view "gepv7550sv" does not exist, skipping
psql:build_source_views.sql:68: NOTICE:  view "gepv7551" does not exist, skipping
psql:build_source_views.sql:68: NOTICE:  view "gepv7552" does not exist, skipping
psql:build_source_views.sql:68: NOTICE:  view "gepv7553" does not exist, skipping
psql:build_source_views.sql:68: NOTICE:  view "gepv7555" does not exist, skipping
psql:build_source_views.sql:68: NOTICE:  view "gepv7556" does not exist, skipping
psql:build_source_views.sql:68: NOTICE:  view "gepv7557" does not exist, skipping
psql:build_source_views.sql:68: NOTICE:  view "gepv7558" does not exist, skipping
psql:build_source_views.sql:68: NOTICE:  view "gepv7559" does not exist, skipping
psql:build_source_views.sql:68: NOTICE:  view "gepv7563" does not exist, skipping
psql:build_source_views.sql:68: NOTICE:  view "gepv7571" does not exist, skipping
psql:build_source_views.sql:68: NOTICE:  view "gepv7572" does not exist, skipping
psql:build_source_views.sql:68: NOTICE:  view "gepv7573" does not exist, skipping
psql:build_source_views.sql:68: NOTICE:  view "gepv7710" does not exist, skipping
psql:build_source_views.sql:68: NOTICE:  view "gepv7760" does not exist, skipping
psql:build_source_views.sql:68: NOTICE:  view "gepvatt" does not exist, skipping
psql:build_source_views.sql:68: NOTICE:  view "gepvjnl" does not exist, skipping
psql:build_source_views.sql:68: NOTICE:  view "gepvpal" does not exist, skipping
psql:build_source_views.sql:68: NOTICE:  view "gepvprp" does not exist, skipping
psql:build_source_views.sql:68: NOTICE:  view "gepvpsk" does not exist, skipping
psql:build_source_views.sql:68: NOTICE:  view "gepvtle" does not exist, skipping
psql:build_source_views.sql:68: NOTICE:  view "gepvtls" does not exist, skipping
psql:build_source_views.sql:68: NOTICE:  view "geqact" does not exist, skipping
psql:build_source_views.sql:68: NOTICE:  view "geqcich" does not exist, skipping
psql:build_source_views.sql:68: NOTICE:  view "geqcira" does not exist, skipping
psql:build_source_views.sql:68: NOTICE:  view "geqcird" does not exist, skipping
psql:build_source_views.sql:68: NOTICE:  view "geqcli" does not exist, skipping
psql:build_source_views.sql:68: NOTICE:  view "geqdat" does not exist, skipping
psql:build_source_views.sql:68: NOTICE:  view "geqemsh" does not exist, skipping
psql:build_source_views.sql:68: NOTICE:  view "geqfic" does not exist, skipping
psql:build_source_views.sql:68: NOTICE:  view "geqlmnq" does not exist, skipping
psql:build_source_views.sql:68: NOTICE:  view "geqmmnq" does not exist, skipping
psql:build_source_views.sql:68: NOTICE:  view "geqnbrs" does not exist, skipping
psql:build_source_views.sql:68: NOTICE:  view "geqpal" does not exist, skipping
psql:build_source_views.sql:68: NOTICE:  view "geqprt" does not exist, skipping
psql:build_source_views.sql:68: NOTICE:  view "geqrchn" does not exist, skipping
psql:build_source_views.sql:68: NOTICE:  view "geqret" does not exist, skipping
psql:build_source_views.sql:68: NOTICE:  view "geqrtps" does not exist, skipping
psql:build_source_views.sql:68: NOTICE:  view "geqrtpt" does not exist, skipping
psql:build_source_views.sql:68: NOTICE:  view "geqsano" does not exist, skipping
psql:build_source_views.sql:68: NOTICE:  view "geqschn" does not exist, skipping
psql:build_source_views.sql:68: NOTICE:  view "geqsdec" does not exist, skipping
psql:build_source_views.sql:68: NOTICE:  view "geqsdpd" does not exist, skipping
psql:build_source_views.sql:68: NOTICE:  view "geqsknh" does not exist, skipping
psql:build_source_views.sql:68: NOTICE:  view "geqsknv" does not exist, skipping
psql:build_source_views.sql:68: NOTICE:  view "geqspah" does not exist, skipping
psql:build_source_views.sql:68: NOTICE:  view "geqspav" does not exist, skipping
psql:build_source_views.sql:68: NOTICE:  view "geqspec" does not exist, skipping
psql:build_source_views.sql:68: NOTICE:  view "geqsscc" does not exist, skipping
psql:build_source_views.sql:68: NOTICE:  view "geqstdh" does not exist, skipping
psql:build_source_views.sql:68: NOTICE:  view "geqstdv" does not exist, skipping
psql:build_source_views.sql:68: NOTICE:  view "geqstk" does not exist, skipping
psql:build_source_views.sql:68: NOTICE:  view "geqstkh" does not exist, skipping
psql:build_source_views.sql:68: NOTICE:  view "geqstkv" does not exist, skipping
psql:build_source_views.sql:68: NOTICE:  view "geqsupe" does not exist, skipping
psql:build_source_views.sql:68: NOTICE:  view "geqsups" does not exist, skipping
psql:build_source_views.sql:68: NOTICE:  view "geqtabc" does not exist, skipping
psql:build_source_views.sql:68: NOTICE:  view "geqtabd" does not exist, skipping
psql:build_source_views.sql:68: NOTICE:  view "geqtabe" does not exist, skipping
psql:build_source_views.sql:68: NOTICE:  view "geqvtl" does not exist, skipping
psql:build_source_views.sql:68: NOTICE:  view "geqvtlp" does not exist, skipping
psql:build_source_views.sql:68: NOTICE:  view "geqvtlt" does not exist, skipping
psql:build_source_views.sql:68: NOTICE:  view "geqvtmv" does not exist, skipping
psql:build_source_views.sql:68: NOTICE:  view "geqvtmv1" does not exist, skipping
psql:build_source_views.sql:68: NOTICE:  view "geqvtmv2" does not exist, skipping
psql:build_source_views.sql:68: NOTICE:  view "geqvtmv3" does not exist, skipping
psql:build_source_views.sql:68: NOTICE:  view "geqvtmv4" does not exist, skipping
psql:build_source_views.sql:68: NOTICE:  view "geqvtmv5" does not exist, skipping
psql:build_source_views.sql:68: NOTICE:  view "geqvtmvd" does not exist, skipping
psql:build_source_views.sql:68: NOTICE:  view "geqvtmvt" does not exist, skipping
psql:build_source_views.sql:68: NOTICE:  view "geralp" does not exist, skipping
psql:build_source_views.sql:68: NOTICE:  view "geralr" does not exist, skipping
psql:build_source_views.sql:68: NOTICE:  view "geralv" does not exist, skipping
psql:build_source_views.sql:68: NOTICE:  view "gerarv" does not exist, skipping
psql:build_source_views.sql:68: NOTICE:  view "gerched" does not exist, skipping
psql:build_source_views.sql:68: NOTICE:  view "gerchee" does not exist, skipping
psql:build_source_views.sql:68: NOTICE:  view "gercood" does not exist, skipping
psql:build_source_views.sql:68: NOTICE:  view "gercooe" does not exist, skipping
psql:build_source_views.sql:68: NOTICE:  view "gercqd" does not exist, skipping
psql:build_source_views.sql:68: NOTICE:  view "gercqe" does not exist, skipping
psql:build_source_views.sql:68: NOTICE:  view "gereav" does not exist, skipping
psql:build_source_views.sql:68: NOTICE:  view "gereca" does not exist, skipping
psql:build_source_views.sql:68: NOTICE:  view "gerecc" does not exist, skipping
psql:build_source_views.sql:68: NOTICE:  view "gerecd" does not exist, skipping
psql:build_source_views.sql:68: NOTICE:  view "gerece" does not exist, skipping
psql:build_source_views.sql:68: NOTICE:  view "gerecf" does not exist, skipping
psql:build_source_views.sql:68: NOTICE:  view "gerecl" does not exist, skipping
psql:build_source_views.sql:68: NOTICE:  view "gerecm" does not exist, skipping
psql:build_source_views.sql:68: NOTICE:  view "gerecp" does not exist, skipping
psql:build_source_views.sql:68: NOTICE:  view "gerecq" does not exist, skipping
psql:build_source_views.sql:68: NOTICE:  view "gerecr" does not exist, skipping
psql:build_source_views.sql:68: NOTICE:  view "gerect" does not exist, skipping
psql:build_source_views.sql:68: NOTICE:  view "gerecum" does not exist, skipping
psql:build_source_views.sql:68: NOTICE:  view "gered" does not exist, skipping
psql:build_source_views.sql:68: NOTICE:  view "gereer" does not exist, skipping
psql:build_source_views.sql:68: NOTICE:  view "gerefa" does not exist, skipping
psql:build_source_views.sql:68: NOTICE:  view "gerepe" does not exist, skipping
psql:build_source_views.sql:68: NOTICE:  view "gerercn" does not exist, skipping
psql:build_source_views.sql:68: NOTICE:  view "gerere" does not exist, skipping
psql:build_source_views.sql:68: NOTICE:  view "gereri" does not exist, skipping
psql:build_source_views.sql:68: NOTICE:  view "gerert" does not exist, skipping
psql:build_source_views.sql:68: NOTICE:  view "gererub" does not exist, skipping
psql:build_source_views.sql:68: NOTICE:  view "geretd" does not exist, skipping
psql:build_source_views.sql:68: NOTICE:  view "gerete" does not exist, skipping
psql:build_source_views.sql:68: NOTICE:  view "gerex" does not exist, skipping
psql:build_source_views.sql:68: NOTICE:  view "gerfrq" does not exist, skipping
psql:build_source_views.sql:68: NOTICE:  view "gerica" does not exist, skipping
psql:build_source_views.sql:68: NOTICE:  view "gericd" does not exist, skipping
psql:build_source_views.sql:68: NOTICE:  view "gericp" does not exist, skipping
psql:build_source_views.sql:68: NOTICE:  view "gericr" does not exist, skipping
psql:build_source_views.sql:68: NOTICE:  view "gerics" does not exist, skipping
psql:build_source_views.sql:68: NOTICE:  view "gerilp" does not exist, skipping
psql:build_source_views.sql:68: NOTICE:  view "geritd" does not exist, skipping
psql:build_source_views.sql:68: NOTICE:  view "germib" does not exist, skipping
psql:build_source_views.sql:68: NOTICE:  view "germid" does not exist, skipping
psql:build_source_views.sql:68: NOTICE:  view "germie" does not exist, skipping
psql:build_source_views.sql:68: NOTICE:  view "germtmp" does not exist, skipping
psql:build_source_views.sql:68: NOTICE:  view "gerpae" does not exist, skipping
psql:build_source_views.sql:68: NOTICE:  view "gerpl" does not exist, skipping
psql:build_source_views.sql:68: NOTICE:  view "gerplm" does not exist, skipping
psql:build_source_views.sql:68: NOTICE:  view "gerpntd" does not exist, skipping
psql:build_source_views.sql:68: NOTICE:  view "gerpnte" does not exist, skipping
psql:build_source_views.sql:68: NOTICE:  view "gerqrd" does not exist, skipping
psql:build_source_views.sql:68: NOTICE:  view "gersegm" does not exist, skipping
psql:build_source_views.sql:68: NOTICE:  view "gerst" does not exist, skipping
psql:build_source_views.sql:68: NOTICE:  view "gertie" does not exist, skipping
psql:build_source_views.sql:68: NOTICE:  view "gerubex" does not exist, skipping
psql:build_source_views.sql:68: NOTICE:  view "gesca2d" does not exist, skipping
psql:build_source_views.sql:68: NOTICE:  view "geschn" does not exist, skipping
psql:build_source_views.sql:68: NOTICE:  view "gescliv" does not exist, skipping
psql:build_source_views.sql:68: NOTICE:  view "gescsup" does not exist, skipping
psql:build_source_views.sql:68: NOTICE:  view "gesctou" does not exist, skipping
psql:build_source_views.sql:68: NOTICE:  view "gesdpal" does not exist, skipping
psql:build_source_views.sql:68: NOTICE:  view "gesegm" does not exist, skipping
psql:build_source_views.sql:68: NOTICE:  view "geselct" does not exist, skipping
psql:build_source_views.sql:68: NOTICE:  view "gesemb" does not exist, skipping
psql:build_source_views.sql:68: NOTICE:  view "geserm" does not exist, skipping
psql:build_source_views.sql:68: NOTICE:  view "geshpe" does not exist, skipping
psql:build_source_views.sql:68: NOTICE:  view "geshse" does not exist, skipping
psql:build_source_views.sql:68: NOTICE:  view "gesimc" does not exist, skipping
psql:build_source_views.sql:68: NOTICE:  view "gesiml" does not exist, skipping
psql:build_source_views.sql:68: NOTICE:  view "gesimt" does not exist, skipping
psql:build_source_views.sql:68: NOTICE:  view "geslmv" does not exist, skipping
psql:build_source_views.sql:68: NOTICE:  view "gesrb" does not exist, skipping
psql:build_source_views.sql:68: NOTICE:  view "gesrct" does not exist, skipping
psql:build_source_views.sql:68: NOTICE:  view "gesret" does not exist, skipping
psql:build_source_views.sql:68: NOTICE:  view "gesrv" does not exist, skipping
psql:build_source_views.sql:68: NOTICE:  view "gesrvu" does not exist, skipping
psql:build_source_views.sql:68: NOTICE:  view "gessccw" does not exist, skipping
psql:build_source_views.sql:68: NOTICE:  view "gestatv" does not exist, skipping
psql:build_source_views.sql:68: NOTICE:  view "gestco" does not exist, skipping
psql:build_source_views.sql:68: NOTICE:  view "gestia" does not exist, skipping
psql:build_source_views.sql:68: NOTICE:  view "gestic" does not exist, skipping
psql:build_source_views.sql:68: NOTICE:  view "gestiq" does not exist, skipping
psql:build_source_views.sql:68: NOTICE:  view "gestix" does not exist, skipping
psql:build_source_views.sql:68: NOTICE:  view "gestku" does not exist, skipping
psql:build_source_views.sql:68: NOTICE:  view "gestoud" does not exist, skipping
psql:build_source_views.sql:68: NOTICE:  view "gestoue" does not exist, skipping
psql:build_source_views.sql:68: NOTICE:  view "gestre" does not exist, skipping
psql:build_source_views.sql:68: NOTICE:  view "gestri" does not exist, skipping
psql:build_source_views.sql:68: NOTICE:  view "gestrub" does not exist, skipping
psql:build_source_views.sql:68: NOTICE:  view "gests" does not exist, skipping
psql:build_source_views.sql:68: NOTICE:  view "gesuad" does not exist, skipping
psql:build_source_views.sql:68: NOTICE:  view "gesuae" does not exist, skipping
psql:build_source_views.sql:68: NOTICE:  view "gesuatt" does not exist, skipping
psql:build_source_views.sql:68: NOTICE:  view "gesuct" does not exist, skipping
psql:build_source_views.sql:68: NOTICE:  view "gesukai" does not exist, skipping
psql:build_source_views.sql:68: NOTICE:  view "gesuli1" does not exist, skipping
psql:build_source_views.sql:68: NOTICE:  view "gesuli2" does not exist, skipping
psql:build_source_views.sql:68: NOTICE:  view "gesupb" does not exist, skipping
psql:build_source_views.sql:68: NOTICE:  view "gesupc" does not exist, skipping
psql:build_source_views.sql:68: NOTICE:  view "gesupck" does not exist, skipping
psql:build_source_views.sql:68: NOTICE:  view "gesupd" does not exist, skipping
psql:build_source_views.sql:68: NOTICE:  view "gesupd0" does not exist, skipping
psql:build_source_views.sql:68: NOTICE:  view "gesupe0" does not exist, skipping
psql:build_source_views.sql:68: NOTICE:  view "gesupr" does not exist, skipping
psql:build_source_views.sql:68: NOTICE:  view "gesups" does not exist, skipping
psql:build_source_views.sql:68: NOTICE:  view "gesupt" does not exist, skipping
psql:build_source_views.sql:68: NOTICE:  view "gesupt1" does not exist, skipping
psql:build_source_views.sql:68: NOTICE:  view "gesupt2" does not exist, skipping
psql:build_source_views.sql:68: NOTICE:  view "gesupt3" does not exist, skipping
psql:build_source_views.sql:68: NOTICE:  view "gesupt4" does not exist, skipping
psql:build_source_views.sql:68: NOTICE:  view "gesupt5" does not exist, skipping
psql:build_source_views.sql:68: NOTICE:  view "gesupt6" does not exist, skipping
psql:build_source_views.sql:68: NOTICE:  view "gesupu" does not exist, skipping
psql:build_source_views.sql:68: NOTICE:  view "gesupud" does not exist, skipping
psql:build_source_views.sql:68: NOTICE:  view "gesupv" does not exist, skipping
psql:build_source_views.sql:68: NOTICE:  view "gesupw" does not exist, skipping
psql:build_source_views.sql:68: NOTICE:  view "gesuva" does not exist, skipping
psql:build_source_views.sql:68: NOTICE:  view "gesvagb" does not exist, skipping
psql:build_source_views.sql:68: NOTICE:  view "getblq" does not exist, skipping
psql:build_source_views.sql:68: NOTICE:  view "getdoc" does not exist, skipping
psql:build_source_views.sql:68: NOTICE:  view "geteads" does not exist, skipping
psql:build_source_views.sql:68: NOTICE:  view "geteas" does not exist, skipping
psql:build_source_views.sql:68: NOTICE:  view "geteat" does not exist, skipping
psql:build_source_views.sql:68: NOTICE:  view "geteav" does not exist, skipping
psql:build_source_views.sql:68: NOTICE:  view "geteli" does not exist, skipping
psql:build_source_views.sql:68: NOTICE:  view "getelih" does not exist, skipping
psql:build_source_views.sql:68: NOTICE:  view "getelihs" does not exist, skipping
psql:build_source_views.sql:68: NOTICE:  view "getemp" does not exist, skipping
psql:build_source_views.sql:68: NOTICE:  view "getere" does not exist, skipping
psql:build_source_views.sql:68: NOTICE:  view "geterub" does not exist, skipping
psql:build_source_views.sql:68: NOTICE:  view "getfvtl" does not exist, skipping
psql:build_source_views.sql:68: NOTICE:  view "getiwbs" does not exist, skipping
psql:build_source_views.sql:68: NOTICE:  view "getksup" does not exist, skipping
psql:build_source_views.sql:68: NOTICE:  view "getlhs" does not exist, skipping
psql:build_source_views.sql:68: NOTICE:  view "getlig" does not exist, skipping
psql:build_source_views.sql:68: NOTICE:  view "getmia" does not exist, skipping
psql:build_source_views.sql:68: NOTICE:  view "getmin" does not exist, skipping
psql:build_source_views.sql:68: NOTICE:  view "getmio" does not exist, skipping
psql:build_source_views.sql:68: NOTICE:  view "getmis" does not exist, skipping
psql:build_source_views.sql:68: NOTICE:  view "getmppr" does not exist, skipping
psql:build_source_views.sql:68: NOTICE:  view "getmprf" does not exist, skipping
psql:build_source_views.sql:68: NOTICE:  view "getmpvgs" does not exist, skipping
psql:build_source_views.sql:68: NOTICE:  view "getofn" does not exist, skipping
psql:build_source_views.sql:68: NOTICE:  view "getoub" does not exist, skipping
psql:build_source_views.sql:68: NOTICE:  view "getouc" does not exist, skipping
psql:build_source_views.sql:68: NOTICE:  view "getoud0" does not exist, skipping
psql:build_source_views.sql:68: NOTICE:  view "getoue" does not exist, skipping
psql:build_source_views.sql:68: NOTICE:  view "getouj" does not exist, skipping
psql:build_source_views.sql:68: NOTICE:  view "getouo" does not exist, skipping
psql:build_source_views.sql:68: NOTICE:  view "getpabc" does not exist, skipping
psql:build_source_views.sql:68: NOTICE:  view "getpabc1" does not exist, skipping
psql:build_source_views.sql:68: NOTICE:  view "getpals" does not exist, skipping
psql:build_source_views.sql:68: NOTICE:  view "getpap" does not exist, skipping
psql:build_source_views.sql:68: NOTICE:  view "getpdf" does not exist, skipping
psql:build_source_views.sql:68: NOTICE:  view "getpro" does not exist, skipping
psql:build_source_views.sql:68: NOTICE:  view "getprt" does not exist, skipping
psql:build_source_views.sql:68: NOTICE:  view "getpsupd" does not exist, skipping
psql:build_source_views.sql:68: NOTICE:  view "getpsupe" does not exist, skipping
psql:build_source_views.sql:68: NOTICE:  view "getptd" does not exist, skipping
psql:build_source_views.sql:68: NOTICE:  view "getpte" does not exist, skipping
psql:build_source_views.sql:68: NOTICE:  view "getptv" does not exist, skipping
psql:build_source_views.sql:68: NOTICE:  view "getra" does not exist, skipping
psql:build_source_views.sql:68: NOTICE:  view "getrapp" does not exist, skipping
psql:build_source_views.sql:68: NOTICE:  view "getrcp" does not exist, skipping
psql:build_source_views.sql:68: NOTICE:  view "getrecd" does not exist, skipping
psql:build_source_views.sql:68: NOTICE:  view "getrext" does not exist, skipping
psql:build_source_views.sql:68: NOTICE:  view "getrfe" does not exist, skipping
psql:build_source_views.sql:68: NOTICE:  view "getrlie" does not exist, skipping
psql:build_source_views.sql:68: NOTICE:  view "getrloe" does not exist, skipping
psql:build_source_views.sql:68: NOTICE:  view "getrlos" does not exist, skipping
psql:build_source_views.sql:68: NOTICE:  view "getrpht" does not exist, skipping
psql:build_source_views.sql:68: NOTICE:  view "getrpl" does not exist, skipping
psql:build_source_views.sql:68: NOTICE:  view "getrplv" does not exist, skipping
psql:build_source_views.sql:68: NOTICE:  view "getrprb" does not exist, skipping
psql:build_source_views.sql:68: NOTICE:  view "getrqd" does not exist, skipping
psql:build_source_views.sql:68: NOTICE:  view "getrqe" does not exist, skipping
psql:build_source_views.sql:68: NOTICE:  view "getrrue" does not exist, skipping
psql:build_source_views.sql:68: NOTICE:  view "getrrus" does not exist, skipping
psql:build_source_views.sql:68: NOTICE:  view "getrsce" does not exist, skipping
psql:build_source_views.sql:68: NOTICE:  view "getrscs" does not exist, skipping
psql:build_source_views.sql:68: NOTICE:  view "getrsct" does not exist, skipping
psql:build_source_views.sql:68: NOTICE:  view "getrssc" does not exist, skipping
psql:build_source_views.sql:68: NOTICE:  view "getrsup" does not exist, skipping
psql:build_source_views.sql:68: NOTICE:  view "getskc" does not exist, skipping
psql:build_source_views.sql:68: NOTICE:  view "getsuvd" does not exist, skipping
psql:build_source_views.sql:68: NOTICE:  view "getsuve" does not exist, skipping
psql:build_source_views.sql:68: NOTICE:  view "getvcd" does not exist, skipping
psql:build_source_views.sql:68: NOTICE:  view "getvre" does not exist, skipping
psql:build_source_views.sql:68: NOTICE:  view "getvte" does not exist, skipping
psql:build_source_views.sql:68: NOTICE:  view "getvtj" does not exist, skipping
psql:build_source_views.sql:68: NOTICE:  view "getvtp" does not exist, skipping
psql:build_source_views.sql:68: NOTICE:  view "getxl" does not exist, skipping
psql:build_source_views.sql:68: NOTICE:  view "getxr" does not exist, skipping
psql:build_source_views.sql:68: NOTICE:  view "getzon" does not exist, skipping
psql:build_source_views.sql:68: NOTICE:  view "geuniv" does not exist, skipping
psql:build_source_views.sql:68: NOTICE:  view "geuowd" does not exist, skipping
psql:build_source_views.sql:68: NOTICE:  view "geuowe" does not exist, skipping
psql:build_source_views.sql:68: NOTICE:  view "geuowi" does not exist, skipping
psql:build_source_views.sql:68: NOTICE:  view "geuowp" does not exist, skipping
psql:build_source_views.sql:68: NOTICE:  view "geuows" does not exist, skipping
psql:build_source_views.sql:68: NOTICE:  view "geuowt" does not exist, skipping
psql:build_source_views.sql:68: NOTICE:  view "geupdv" does not exist, skipping
psql:build_source_views.sql:68: NOTICE:  view "geutil" does not exist, skipping
psql:build_source_views.sql:68: NOTICE:  view "gevag" does not exist, skipping
psql:build_source_views.sql:68: NOTICE:  view "gevagp" does not exist, skipping
psql:build_source_views.sql:68: NOTICE:  view "gevagu" does not exist, skipping
psql:build_source_views.sql:68: NOTICE:  view "gevatv" does not exist, skipping
psql:build_source_views.sql:68: NOTICE:  view "gevatw" does not exist, skipping
psql:build_source_views.sql:68: NOTICE:  view "gevcird" does not exist, skipping
psql:build_source_views.sql:68: NOTICE:  view "gevcire" does not exist, skipping
psql:build_source_views.sql:68: NOTICE:  view "gevcirp" does not exist, skipping
psql:build_source_views.sql:68: NOTICE:  view "gevmis" does not exist, skipping
psql:build_source_views.sql:68: NOTICE:  view "gevtipl" does not exist, skipping
psql:build_source_views.sql:68: NOTICE:  view "gevtlc" does not exist, skipping
psql:build_source_views.sql:68: NOTICE:  view "gevtle" does not exist, skipping
psql:build_source_views.sql:68: NOTICE:  view "gevtln" does not exist, skipping
psql:build_source_views.sql:68: NOTICE:  view "gevtlr" does not exist, skipping
psql:build_source_views.sql:68: NOTICE:  view "gevtls" does not exist, skipping
psql:build_source_views.sql:68: NOTICE:  view "gevtlt" does not exist, skipping
psql:build_source_views.sql:68: NOTICE:  view "gevtlvd" does not exist, skipping
psql:build_source_views.sql:68: NOTICE:  view "gevtlve" does not exist, skipping
psql:build_source_views.sql:68: NOTICE:  view "gevtmvtg" does not exist, skipping
psql:build_source_views.sql:68: NOTICE:  view "gevtoue" does not exist, skipping
psql:build_source_views.sql:68: NOTICE:  view "gevtrd" does not exist, skipping
psql:build_source_views.sql:68: NOTICE:  view "gevtre" does not exist, skipping
psql:build_source_views.sql:68: NOTICE:  view "gewae01" does not exist, skipping
psql:build_source_views.sql:68: NOTICE:  view "gewal01" does not exist, skipping
psql:build_source_views.sql:68: NOTICE:  view "gewapp" does not exist, skipping
psql:build_source_views.sql:68: NOTICE:  view "gewaw02" does not exist, skipping
psql:build_source_views.sql:68: NOTICE:  view "gewba01" does not exist, skipping
psql:build_source_views.sql:68: NOTICE:  view "gewbcir" does not exist, skipping
psql:build_source_views.sql:68: NOTICE:  view "gewbprp" does not exist, skipping
psql:build_source_views.sql:68: NOTICE:  view "gewbraq" does not exist, skipping
psql:build_source_views.sql:68: NOTICE:  view "gewbstf" does not exist, skipping
psql:build_source_views.sql:68: NOTICE:  view "gewcm01" does not exist, skipping
psql:build_source_views.sql:68: NOTICE:  view "gewco01" does not exist, skipping
psql:build_source_views.sql:68: NOTICE:  view "gewcq01" does not exist, skipping
psql:build_source_views.sql:68: NOTICE:  view "gewdi01" does not exist, skipping
psql:build_source_views.sql:68: NOTICE:  view "gewem01" does not exist, skipping
psql:build_source_views.sql:68: NOTICE:  view "gewfi01" does not exist, skipping
psql:build_source_views.sql:68: NOTICE:  view "gewge50" does not exist, skipping
psql:build_source_views.sql:68: NOTICE:  view "gewgm01" does not exist, skipping
psql:build_source_views.sql:68: NOTICE:  view "gewha01" does not exist, skipping
psql:build_source_views.sql:68: NOTICE:  view "gewis01" does not exist, skipping
psql:build_source_views.sql:68: NOTICE:  view "gewiv01" does not exist, skipping
psql:build_source_views.sql:68: NOTICE:  view "gewli01" does not exist, skipping
psql:build_source_views.sql:68: NOTICE:  view "gewmd01" does not exist, skipping
psql:build_source_views.sql:68: NOTICE:  view "gewmq01" does not exist, skipping
psql:build_source_views.sql:68: NOTICE:  view "gewmr01" does not exist, skipping
psql:build_source_views.sql:68: NOTICE:  view "gewmr02" does not exist, skipping
psql:build_source_views.sql:68: NOTICE:  view "gewot01" does not exist, skipping
psql:build_source_views.sql:68: NOTICE:  view "gewpic" does not exist, skipping
psql:build_source_views.sql:68: NOTICE:  view "gewpn01" does not exist, skipping
psql:build_source_views.sql:68: NOTICE:  view "gewpr01" does not exist, skipping
psql:build_source_views.sql:68: NOTICE:  view "gewpv01" does not exist, skipping
psql:build_source_views.sql:68: NOTICE:  view "gewre01" does not exist, skipping
psql:build_source_views.sql:68: NOTICE:  view "gewre02" does not exist, skipping
psql:build_source_views.sql:68: NOTICE:  view "gewrecd" does not exist, skipping
psql:build_source_views.sql:68: NOTICE:  view "gewrg01" does not exist, skipping
psql:build_source_views.sql:68: NOTICE:  view "gewsc01" does not exist, skipping
psql:build_source_views.sql:68: NOTICE:  view "gewsp01" does not exist, skipping
psql:build_source_views.sql:68: NOTICE:  view "gewsup" does not exist, skipping
psql:build_source_views.sql:68: NOTICE:  view "gewtoue" does not exist, skipping
psql:build_source_views.sql:68: NOTICE:  view "gewtr01" does not exist, skipping
psql:build_source_views.sql:68: NOTICE:  view "gewvt01" does not exist, skipping
psql:build_source_views.sql:68: NOTICE:  view "gexclmv" does not exist, skipping
psql:build_source_views.sql:68: NOTICE:  view "gexlmv" does not exist, skipping
psql:build_source_views.sql:68: NOTICE:  view "gezabc" does not exist, skipping
psql:build_source_views.sql:68: NOTICE:  view "gezaca" does not exist, skipping
psql:build_source_views.sql:68: NOTICE:  view "gezacl" does not exist, skipping
psql:build_source_views.sql:68: NOTICE:  view "gezacp" does not exist, skipping
psql:build_source_views.sql:68: NOTICE:  view "gezacr" does not exist, skipping
psql:build_source_views.sql:68: NOTICE:  view "gezact" does not exist, skipping
psql:build_source_views.sql:68: NOTICE:  view "gezadm" does not exist, skipping
psql:build_source_views.sql:68: NOTICE:  view "gezadr" does not exist, skipping
psql:build_source_views.sql:68: NOTICE:  view "gezadu" does not exist, skipping
psql:build_source_views.sql:68: NOTICE:  view "gezadv" does not exist, skipping
psql:build_source_views.sql:68: NOTICE:  view "gezafcd" does not exist, skipping
psql:build_source_views.sql:68: NOTICE:  view "gezafce" does not exist, skipping
psql:build_source_views.sql:68: NOTICE:  view "gezaff" does not exist, skipping
psql:build_source_views.sql:68: NOTICE:  view "gezalc" does not exist, skipping
psql:build_source_views.sql:68: NOTICE:  view "gezall" does not exist, skipping
psql:build_source_views.sql:68: NOTICE:  view "gezanc" does not exist, skipping
psql:build_source_views.sql:68: NOTICE:  view "gezapd" does not exist, skipping
psql:build_source_views.sql:68: NOTICE:  view "gezapp" does not exist, skipping
psql:build_source_views.sql:68: NOTICE:  view "gezapr" does not exist, skipping
psql:build_source_views.sql:68: NOTICE:  view "gezaqp" does not exist, skipping
psql:build_source_views.sql:68: NOTICE:  view "gezatb" does not exist, skipping
psql:build_source_views.sql:68: NOTICE:  view "gezatc" does not exist, skipping
psql:build_source_views.sql:68: NOTICE:  view "gezatm" does not exist, skipping
psql:build_source_views.sql:68: NOTICE:  view "gezatp" does not exist, skipping
psql:build_source_views.sql:68: NOTICE:  view "gezaxo" does not exist, skipping
psql:build_source_views.sql:68: NOTICE:  view "gezbac" does not exist, skipping
psql:build_source_views.sql:68: NOTICE:  view "gezblo" does not exist, skipping
psql:build_source_views.sql:68: NOTICE:  view "gezbrn" does not exist, skipping
psql:build_source_views.sql:68: NOTICE:  view "gezcam" does not exist, skipping
psql:build_source_views.sql:68: NOTICE:  view "gezcar" does not exist, skipping
psql:build_source_views.sql:68: NOTICE:  view "gezcas" does not exist, skipping
psql:build_source_views.sql:68: NOTICE:  view "gezcat" does not exist, skipping
psql:build_source_views.sql:68: NOTICE:  view "gezcdcd" does not exist, skipping
psql:build_source_views.sql:68: NOTICE:  view "gezcds" does not exist, skipping
psql:build_source_views.sql:68: NOTICE:  view "gezchf" does not exist, skipping
psql:build_source_views.sql:68: NOTICE:  view "gezchn" does not exist, skipping
psql:build_source_views.sql:68: NOTICE:  view "gezcht" does not exist, skipping
psql:build_source_views.sql:68: NOTICE:  view "gezcia" does not exist, skipping
psql:build_source_views.sql:68: NOTICE:  view "gezcic" does not exist, skipping
psql:build_source_views.sql:68: NOTICE:  view "gezcie" does not exist, skipping
psql:build_source_views.sql:68: NOTICE:  view "gezcin" does not exist, skipping
psql:build_source_views.sql:68: NOTICE:  view "gezcip" does not exist, skipping
psql:build_source_views.sql:68: NOTICE:  view "gezcir" does not exist, skipping
psql:build_source_views.sql:68: NOTICE:  view "gezcld" does not exist, skipping
psql:build_source_views.sql:68: NOTICE:  view "gezclp" does not exist, skipping
psql:build_source_views.sql:68: NOTICE:  view "gezclq" does not exist, skipping
psql:build_source_views.sql:68: NOTICE:  view "gezcls" does not exist, skipping
psql:build_source_views.sql:68: NOTICE:  view "gezcmd" does not exist, skipping
psql:build_source_views.sql:68: NOTICE:  view "gezcmm" does not exist, skipping
psql:build_source_views.sql:68: NOTICE:  view "gezcmp" does not exist, skipping
psql:build_source_views.sql:68: NOTICE:  view "gezcmq" does not exist, skipping
psql:build_source_views.sql:68: NOTICE:  view "gezcmt" does not exist, skipping
psql:build_source_views.sql:68: NOTICE:  view "gezcnt" does not exist, skipping
psql:build_source_views.sql:68: NOTICE:  view "gezcoq" does not exist, skipping
psql:build_source_views.sql:68: NOTICE:  view "gezcpo" does not exist, skipping
psql:build_source_views.sql:68: NOTICE:  view "gezcst" does not exist, skipping
psql:build_source_views.sql:68: NOTICE:  view "gezctn" does not exist, skipping
psql:build_source_views.sql:68: NOTICE:  view "gezctv" does not exist, skipping
psql:build_source_views.sql:68: NOTICE:  view "gezcvi" does not exist, skipping
psql:build_source_views.sql:68: NOTICE:  view "gezdae" does not exist, skipping
psql:build_source_views.sql:68: NOTICE:  view "gezdas" does not exist, skipping
psql:build_source_views.sql:68: NOTICE:  view "gezdev" does not exist, skipping
psql:build_source_views.sql:68: NOTICE:  view "gezdrg" does not exist, skipping
psql:build_source_views.sql:68: NOTICE:  view "gezean" does not exist, skipping
psql:build_source_views.sql:68: NOTICE:  view "gezeca" does not exist, skipping
psql:build_source_views.sql:68: NOTICE:  view "gezech" does not exist, skipping
psql:build_source_views.sql:68: NOTICE:  view "gezect" does not exist, skipping
psql:build_source_views.sql:68: NOTICE:  view "gezedp" does not exist, skipping
psql:build_source_views.sql:68: NOTICE:  view "gezema" does not exist, skipping
psql:build_source_views.sql:68: NOTICE:  view "gezemb" does not exist, skipping
psql:build_source_views.sql:68: NOTICE:  view "gezemc" does not exist, skipping
psql:build_source_views.sql:68: NOTICE:  view "gezemd" does not exist, skipping
psql:build_source_views.sql:68: NOTICE:  view "gezemf" does not exist, skipping
psql:build_source_views.sql:68: NOTICE:  view "gezemi" does not exist, skipping
psql:build_source_views.sql:68: NOTICE:  view "gezeml" does not exist, skipping
psql:build_source_views.sql:68: NOTICE:  view "gezems" does not exist, skipping
psql:build_source_views.sql:68: NOTICE:  view "gezemt" does not exist, skipping
psql:build_source_views.sql:68: NOTICE:  view "gezepd" does not exist, skipping
psql:build_source_views.sql:68: NOTICE:  view "gezepu" does not exist, skipping
psql:build_source_views.sql:68: NOTICE:  view "gezerr" does not exist, skipping
psql:build_source_views.sql:68: NOTICE:  view "gezeti" does not exist, skipping
psql:build_source_views.sql:68: NOTICE:  view "gezeul" does not exist, skipping
psql:build_source_views.sql:68: NOTICE:  view "gezexm" does not exist, skipping
psql:build_source_views.sql:68: NOTICE:  view "gezexmd" does not exist, skipping
psql:build_source_views.sql:68: NOTICE:  view "gezfdc" does not exist, skipping
psql:build_source_views.sql:68: NOTICE:  view "gezfdl" does not exist, skipping
psql:build_source_views.sql:68: NOTICE:  view "gezffr" does not exist, skipping
psql:build_source_views.sql:68: NOTICE:  view "gezfpp" does not exist, skipping
psql:build_source_views.sql:68: NOTICE:  view "gezfpr" does not exist, skipping
psql:build_source_views.sql:68: NOTICE:  view "gezfrq" does not exist, skipping
psql:build_source_views.sql:68: NOTICE:  view "gezgak" does not exist, skipping
psql:build_source_views.sql:68: NOTICE:  view "gezgam" does not exist, skipping
psql:build_source_views.sql:68: NOTICE:  view "gezgar" does not exist, skipping
psql:build_source_views.sql:68: NOTICE:  view "gezgcd" does not exist, skipping
psql:build_source_views.sql:68: NOTICE:  view "gezgce" does not exist, skipping
psql:build_source_views.sql:68: NOTICE:  view "gezgci" does not exist, skipping
psql:build_source_views.sql:68: NOTICE:  view "gezgfp" does not exist, skipping
psql:build_source_views.sql:68: NOTICE:  view "gezgmp" does not exist, skipping
psql:build_source_views.sql:68: NOTICE:  view "gezgrc" does not exist, skipping
psql:build_source_views.sql:68: NOTICE:  view "gezgrk" does not exist, skipping
psql:build_source_views.sql:68: NOTICE:  view "gezgrs" does not exist, skipping
psql:build_source_views.sql:68: NOTICE:  view "gezgts" does not exist, skipping
psql:build_source_views.sql:68: NOTICE:  view "gezhif" does not exist, skipping
psql:build_source_views.sql:68: NOTICE:  view "gezhil" does not exist, skipping
psql:build_source_views.sql:68: NOTICE:  view "gezhir" does not exist, skipping
psql:build_source_views.sql:68: NOTICE:  view "gezhit" does not exist, skipping
psql:build_source_views.sql:68: NOTICE:  view "gezicm" does not exist, skipping
psql:build_source_views.sql:68: NOTICE:  view "gezidp" does not exist, skipping
psql:build_source_views.sql:68: NOTICE:  view "gezimo" does not exist, skipping
psql:build_source_views.sql:68: NOTICE:  view "gezind" does not exist, skipping
psql:build_source_views.sql:68: NOTICE:  view "gezinl" does not exist, skipping
psql:build_source_views.sql:68: NOTICE:  view "gezinr" does not exist, skipping
psql:build_source_views.sql:68: NOTICE:  view "gezint" does not exist, skipping
psql:build_source_views.sql:68: NOTICE:  view "gezipld" does not exist, skipping
psql:build_source_views.sql:68: NOTICE:  view "gezipld0" does not exist, skipping
psql:build_source_views.sql:68: NOTICE:  view "geziple" does not exist, skipping
psql:build_source_views.sql:68: NOTICE:  view "geziplt" does not exist, skipping
psql:build_source_views.sql:68: NOTICE:  view "gezipm" does not exist, skipping
psql:build_source_views.sql:68: NOTICE:  view "gezitq" does not exist, skipping
psql:build_source_views.sql:68: NOTICE:  view "gezits" does not exist, skipping
psql:build_source_views.sql:68: NOTICE:  view "geziva" does not exist, skipping
psql:build_source_views.sql:68: NOTICE:  view "gezivc" does not exist, skipping
psql:build_source_views.sql:68: NOTICE:  view "gezivcb" does not exist, skipping
psql:build_source_views.sql:68: NOTICE:  view "gezkai" does not exist, skipping
psql:build_source_views.sql:68: NOTICE:  view "gezkeu" does not exist, skipping
psql:build_source_views.sql:68: NOTICE:  view "gezkey" does not exist, skipping
psql:build_source_views.sql:68: NOTICE:  view "gezldd" does not exist, skipping
psql:build_source_views.sql:68: NOTICE:  view "gezlde" does not exist, skipping
psql:build_source_views.sql:68: NOTICE:  view "gezldi" does not exist, skipping
psql:build_source_views.sql:68: NOTICE:  view "gezldp" does not exist, skipping
psql:build_source_views.sql:68: NOTICE:  view "gezldr" does not exist, skipping
psql:build_source_views.sql:68: NOTICE:  view "gezlds" does not exist, skipping
psql:build_source_views.sql:68: NOTICE:  view "gezlga" does not exist, skipping
psql:build_source_views.sql:68: NOTICE:  view "gezlge" does not exist, skipping
psql:build_source_views.sql:68: NOTICE:  view "gezlit" does not exist, skipping
psql:build_source_views.sql:68: NOTICE:  view "gezlmd" does not exist, skipping
psql:build_source_views.sql:68: NOTICE:  view "gezmac" does not exist, skipping
psql:build_source_views.sql:68: NOTICE:  view "gezmaj" does not exist, skipping
psql:build_source_views.sql:68: NOTICE:  view "gezmap" does not exist, skipping
psql:build_source_views.sql:68: NOTICE:  view "gezmat" does not exist, skipping
psql:build_source_views.sql:68: NOTICE:  view "gezmbl" does not exist, skipping
psql:build_source_views.sql:68: NOTICE:  view "gezmdg" does not exist, skipping
psql:build_source_views.sql:68: NOTICE:  view "gezmdr" does not exist, skipping
psql:build_source_views.sql:68: NOTICE:  view "gezmer" does not exist, skipping
psql:build_source_views.sql:68: NOTICE:  view "gezmge" does not exist, skipping
psql:build_source_views.sql:68: NOTICE:  view "gezmjre" does not exist, skipping
psql:build_source_views.sql:68: NOTICE:  view "gezmop" does not exist, skipping
psql:build_source_views.sql:68: NOTICE:  view "gezmpr" does not exist, skipping
psql:build_source_views.sql:68: NOTICE:  view "gezmtid" does not exist, skipping
psql:build_source_views.sql:68: NOTICE:  view "gezmvb" does not exist, skipping
psql:build_source_views.sql:68: NOTICE:  view "gezmvt" does not exist, skipping
psql:build_source_views.sql:68: NOTICE:  view "geznav" does not exist, skipping
psql:build_source_views.sql:68: NOTICE:  view "geznle" does not exist, skipping
psql:build_source_views.sql:68: NOTICE:  view "gezonu" does not exist, skipping
psql:build_source_views.sql:68: NOTICE:  view "gezopc" does not exist, skipping
psql:build_source_views.sql:68: NOTICE:  view "gezopr" does not exist, skipping
psql:build_source_views.sql:68: NOTICE:  view "gezori" does not exist, skipping
psql:build_source_views.sql:68: NOTICE:  view "gezpap" does not exist, skipping
psql:build_source_views.sql:68: NOTICE:  view "gezpay" does not exist, skipping
psql:build_source_views.sql:68: NOTICE:  view "gezpch" does not exist, skipping
psql:build_source_views.sql:68: NOTICE:  view "gezpcqd" does not exist, skipping
psql:build_source_views.sql:68: NOTICE:  view "gezpcqe" does not exist, skipping
psql:build_source_views.sql:68: NOTICE:  view "gezpdt" does not exist, skipping
psql:build_source_views.sql:68: NOTICE:  view "gezpdv" does not exist, skipping
psql:build_source_views.sql:68: NOTICE:  view "gezpec" does not exist, skipping
psql:build_source_views.sql:68: NOTICE:  view "gezphr" does not exist, skipping
psql:build_source_views.sql:68: NOTICE:  view "gezpiv" does not exist, skipping
psql:build_source_views.sql:68: NOTICE:  view "gezpla" does not exist, skipping
psql:build_source_views.sql:68: NOTICE:  view "gezplg" does not exist, skipping
psql:build_source_views.sql:68: NOTICE:  view "gezplid" does not exist, skipping
psql:build_source_views.sql:68: NOTICE:  view "gezplie" does not exist, skipping
psql:build_source_views.sql:68: NOTICE:  view "gezplv" does not exist, skipping
psql:build_source_views.sql:68: NOTICE:  view "gezpos" does not exist, skipping
psql:build_source_views.sql:68: NOTICE:  view "gezprp" does not exist, skipping
psql:build_source_views.sql:68: NOTICE:  view "gezprt" does not exist, skipping
psql:build_source_views.sql:68: NOTICE:  view "gezptr" does not exist, skipping
psql:build_source_views.sql:68: NOTICE:  view "gezpty" does not exist, skipping
psql:build_source_views.sql:68: NOTICE:  view "gezpyv" does not exist, skipping
psql:build_source_views.sql:68: NOTICE:  view "gezqex" does not exist, skipping
psql:build_source_views.sql:68: NOTICE:  view "gezqlp" does not exist, skipping
psql:build_source_views.sql:68: NOTICE:  view "gezrcn" does not exist, skipping
psql:build_source_views.sql:68: NOTICE:  view "gezrds" does not exist, skipping
psql:build_source_views.sql:68: NOTICE:  view "gezrep" does not exist, skipping
psql:build_source_views.sql:68: NOTICE:  view "gezret" does not exist, skipping
psql:build_source_views.sql:68: NOTICE:  view "gezrfc" does not exist, skipping
psql:build_source_views.sql:68: NOTICE:  view "gezrfu" does not exist, skipping
psql:build_source_views.sql:68: NOTICE:  view "gezrge" does not exist, skipping
psql:build_source_views.sql:68: NOTICE:  view "gezrgi" does not exist, skipping
psql:build_source_views.sql:68: NOTICE:  view "gezrgij" does not exist, skipping
psql:build_source_views.sql:68: NOTICE:  view "gezrgim" does not exist, skipping
psql:build_source_views.sql:68: NOTICE:  view "gezrgs" does not exist, skipping
psql:build_source_views.sql:68: NOTICE:  view "gezrgt" does not exist, skipping
psql:build_source_views.sql:68: NOTICE:  view "gezric" does not exist, skipping
psql:build_source_views.sql:68: NOTICE:  view "gezrif" does not exist, skipping
psql:build_source_views.sql:68: NOTICE:  view "gezrifj" does not exist, skipping
psql:build_source_views.sql:68: NOTICE:  view "gezrifm" does not exist, skipping
psql:build_source_views.sql:68: NOTICE:  view "gezrma" does not exist, skipping
psql:build_source_views.sql:68: NOTICE:  view "gezrra" does not exist, skipping
psql:build_source_views.sql:68: NOTICE:  view "gezrrc" does not exist, skipping
psql:build_source_views.sql:68: NOTICE:  view "gezrrt" does not exist, skipping
psql:build_source_views.sql:68: NOTICE:  view "gezrsc" does not exist, skipping
psql:build_source_views.sql:68: NOTICE:  view "gezrsi" does not exist, skipping
psql:build_source_views.sql:68: NOTICE:  view "gezrsp" does not exist, skipping
psql:build_source_views.sql:68: NOTICE:  view "gezrss" does not exist, skipping
psql:build_source_views.sql:68: NOTICE:  view "gezrsv" does not exist, skipping
psql:build_source_views.sql:68: NOTICE:  view "gezrtd" does not exist, skipping
psql:build_source_views.sql:68: NOTICE:  view "gezrub" does not exist, skipping
psql:build_source_views.sql:68: NOTICE:  view "gezsab" does not exist, skipping
psql:build_source_views.sql:68: NOTICE:  view "gezsaf" does not exist, skipping
psql:build_source_views.sql:68: NOTICE:  view "gezsat" does not exist, skipping
psql:build_source_views.sql:68: NOTICE:  view "gezscb" does not exist, skipping
psql:build_source_views.sql:68: NOTICE:  view "gezscdbk" does not exist, skipping
psql:build_source_views.sql:68: NOTICE:  view "gezsce" does not exist, skipping
psql:build_source_views.sql:68: NOTICE:  view "gezsck" does not exist, skipping
psql:build_source_views.sql:68: NOTICE:  view "gezscm" does not exist, skipping
psql:build_source_views.sql:68: NOTICE:  view "gezscp" does not exist, skipping
psql:build_source_views.sql:68: NOTICE:  view "gezser" does not exist, skipping
psql:build_source_views.sql:68: NOTICE:  view "gezsev" does not exist, skipping
psql:build_source_views.sql:68: NOTICE:  view "gezsit" does not exist, skipping
psql:build_source_views.sql:68: NOTICE:  view "gezspc" does not exist, skipping
psql:build_source_views.sql:68: NOTICE:  view "gezspv" does not exist, skipping
psql:build_source_views.sql:68: NOTICE:  view "gezsrc" does not exist, skipping
psql:build_source_views.sql:68: NOTICE:  view "gezsre" does not exist, skipping
psql:build_source_views.sql:68: NOTICE:  view "gezsrg" does not exist, skipping
psql:build_source_views.sql:68: NOTICE:  view "gezsrk" does not exist, skipping
psql:build_source_views.sql:68: NOTICE:  view "gezsrq" does not exist, skipping
psql:build_source_views.sql:68: NOTICE:  view "gezsrtd" does not exist, skipping
psql:build_source_views.sql:68: NOTICE:  view "gezsrte" does not exist, skipping
psql:build_source_views.sql:68: NOTICE:  view "gezsrtt" does not exist, skipping
psql:build_source_views.sql:68: NOTICE:  view "gezssc" does not exist, skipping
psql:build_source_views.sql:68: NOTICE:  view "gezssn" does not exist, skipping
psql:build_source_views.sql:68: NOTICE:  view "gezstl" does not exist, skipping
psql:build_source_views.sql:68: NOTICE:  view "gezstr" does not exist, skipping
psql:build_source_views.sql:68: NOTICE:  view "gezstra" does not exist, skipping
psql:build_source_views.sql:68: NOTICE:  view "gezstrd" does not exist, skipping
psql:build_source_views.sql:68: NOTICE:  view "gezstru" does not exist, skipping
psql:build_source_views.sql:68: NOTICE:  view "gezstt" does not exist, skipping
psql:build_source_views.sql:68: NOTICE:  view "geztam" does not exist, skipping
psql:build_source_views.sql:68: NOTICE:  view "geztca" does not exist, skipping
psql:build_source_views.sql:68: NOTICE:  view "geztdd" does not exist, skipping
psql:build_source_views.sql:68: NOTICE:  view "gezter" does not exist, skipping
psql:build_source_views.sql:68: NOTICE:  view "geztob" does not exist, skipping
psql:build_source_views.sql:68: NOTICE:  view "geztofe" does not exist, skipping
psql:build_source_views.sql:68: NOTICE:  view "geztps" does not exist, skipping
psql:build_source_views.sql:68: NOTICE:  view "geztre" does not exist, skipping
psql:build_source_views.sql:68: NOTICE:  view "geztrp" does not exist, skipping
psql:build_source_views.sql:68: NOTICE:  view "geztrs" does not exist, skipping
psql:build_source_views.sql:68: NOTICE:  view "geztsl" does not exist, skipping
psql:build_source_views.sql:68: NOTICE:  view "geztto" does not exist, skipping
psql:build_source_views.sql:68: NOTICE:  view "geztym" does not exist, skipping
psql:build_source_views.sql:68: NOTICE:  view "geztyr" does not exist, skipping
psql:build_source_views.sql:68: NOTICE:  view "gezuop" does not exist, skipping
psql:build_source_views.sql:68: NOTICE:  view "gezvap" does not exist, skipping
psql:build_source_views.sql:68: NOTICE:  view "gezvec" does not exist, skipping
psql:build_source_views.sql:68: NOTICE:  view "gezvop" does not exist, skipping
psql:build_source_views.sql:68: NOTICE:  view "gezwrk" does not exist, skipping
psql:build_source_views.sql:68: NOTICE:  view "gezzre" does not exist, skipping
psql:build_source_views.sql:68: NOTICE:  view "gezzri" does not exist, skipping
psql:build_source_views.sql:68: NOTICE:  view "gezzru" does not exist, skipping
psql:build_source_views.sql:68: NOTICE:  view "svappr" does not exist, skipping
psql:build_source_views.sql:68: NOTICE:  view "svcri" does not exist, skipping
psql:build_source_views.sql:68: NOTICE:  view "svlpal" does not exist, skipping
psql:build_source_views.sql:68: NOTICE:  view "svprpal" does not exist, skipping
